{"/home/giffari/Documents/FP/Merchant-CMS/server/app.js": {"path":"/home/giffari/Documents/FP/Merchant-CMS/server/app.js","statementMap":{"0":{"start":{"line":1,"column":0},"end":{"line":3,"column":1}},"1":{"start":{"line":2,"column":2},"end":{"line":2,"column":29}},"2":{"start":{"line":5,"column":16},"end":{"line":5,"column":34}},"3":{"start":{"line":6,"column":15},"end":{"line":6,"column":41}},"4":{"start":{"line":7,"column":13},"end":{"line":7,"column":28}},"5":{"start":{"line":9,"column":12},"end":{"line":9,"column":21}},"6":{"start":{"line":11,"column":0},"end":{"line":15,"column":3}},"7":{"start":{"line":17,"column":0},"end":{"line":17,"column":16}},"8":{"start":{"line":19,"column":0},"end":{"line":19,"column":21}}},"fnMap":{},"branchMap":{"0":{"loc":{"start":{"line":1,"column":0},"end":{"line":3,"column":1}},"type":"if","locations":[{"start":{"line":1,"column":0},"end":{"line":3,"column":1}},{"start":{},"end":{}}],"line":1}},"s":{"0":2,"1":2,"2":2,"3":2,"4":2,"5":2,"6":2,"7":2,"8":2},"f":{},"b":{"0":[2,0]},"_coverageSchema":"1a1c01bbd47fc00a2c39e90264f33305004495a9","hash":"84fbf3cf8409d766afb9ccc34e13225616699f8f"}
,"/home/giffari/Documents/FP/Merchant-CMS/server/config/redis.js": {"path":"/home/giffari/Documents/FP/Merchant-CMS/server/config/redis.js","statementMap":{"0":{"start":{"line":1,"column":14},"end":{"line":1,"column":32}},"1":{"start":{"line":2,"column":12},"end":{"line":2,"column":33}},"2":{"start":{"line":4,"column":14},"end":{"line":4,"column":25}},"3":{"start":{"line":6,"column":0},"end":{"line":6,"column":23}}},"fnMap":{},"branchMap":{},"s":{"0":2,"1":2,"2":2,"3":2},"f":{},"b":{},"_coverageSchema":"1a1c01bbd47fc00a2c39e90264f33305004495a9","hash":"85111e516a81be06829e74e07c3234070b9b29a0"}
,"/home/giffari/Documents/FP/Merchant-CMS/server/controllers/auth.js": {"path":"/home/giffari/Documents/FP/Merchant-CMS/server/controllers/auth.js","statementMap":{"0":{"start":{"line":1,"column":35},"end":{"line":1,"column":63}},"1":{"start":{"line":2,"column":36},"end":{"line":2,"column":61}},"2":{"start":{"line":3,"column":19},"end":{"line":3,"column":56}},"3":{"start":{"line":4,"column":50},"end":{"line":4,"column":82}},"4":{"start":{"line":5,"column":48},"end":{"line":5,"column":68}},"5":{"start":{"line":6,"column":14},"end":{"line":6,"column":40}},"6":{"start":{"line":7,"column":0},"end":{"line":335,"column":1}},"7":{"start":{"line":10,"column":4},"end":{"line":38,"column":5}},"8":{"start":{"line":11,"column":34},"end":{"line":11,"column":42}},"9":{"start":{"line":13,"column":21},"end":{"line":15,"column":8}},"10":{"start":{"line":16,"column":6},"end":{"line":20,"column":7}},"11":{"start":{"line":17,"column":8},"end":{"line":19,"column":9}},"12":{"start":{"line":22,"column":6},"end":{"line":34,"column":7}},"13":{"start":{"line":23,"column":29},"end":{"line":26,"column":10}},"14":{"start":{"line":27,"column":8},"end":{"line":29,"column":11}},"15":{"start":{"line":31,"column":8},"end":{"line":33,"column":10}},"16":{"start":{"line":37,"column":6},"end":{"line":37,"column":18}},"17":{"start":{"line":47,"column":14},"end":{"line":47,"column":43}},"18":{"start":{"line":48,"column":4},"end":{"line":152,"column":5}},"19":{"start":{"line":63,"column":10},"end":{"line":63,"column":18}},"20":{"start":{"line":66,"column":6},"end":{"line":71,"column":7}},"21":{"start":{"line":67,"column":8},"end":{"line":70,"column":9}},"22":{"start":{"line":74,"column":32},"end":{"line":74,"column":36}},"23":{"start":{"line":75,"column":6},"end":{"line":82,"column":7}},"24":{"start":{"line":76,"column":8},"end":{"line":81,"column":31}},"25":{"start":{"line":85,"column":30},"end":{"line":92,"column":28}},"26":{"start":{"line":97,"column":6},"end":{"line":111,"column":7}},"27":{"start":{"line":98,"column":8},"end":{"line":110,"column":31}},"28":{"start":{"line":120,"column":6},"end":{"line":146,"column":9}},"29":{"start":{"line":122,"column":20},"end":{"line":122,"column":62}},"30":{"start":{"line":123,"column":8},"end":{"line":145,"column":11}},"31":{"start":{"line":124,"column":10},"end":{"line":144,"column":11}},"32":{"start":{"line":125,"column":12},"end":{"line":141,"column":13}},"33":{"start":{"line":127,"column":14},"end":{"line":129,"column":16}},"34":{"start":{"line":131,"column":31},"end":{"line":134,"column":16}},"35":{"start":{"line":135,"column":14},"end":{"line":135,"column":71}},"36":{"start":{"line":136,"column":14},"end":{"line":140,"column":17}},"37":{"start":{"line":143,"column":12},"end":{"line":143,"column":24}},"38":{"start":{"line":147,"column":6},"end":{"line":147,"column":23}},"39":{"start":{"line":149,"column":6},"end":{"line":149,"column":24}},"40":{"start":{"line":150,"column":6},"end":{"line":150,"column":25}},"41":{"start":{"line":151,"column":6},"end":{"line":151,"column":18}},"42":{"start":{"line":157,"column":4},"end":{"line":178,"column":5}},"43":{"start":{"line":158,"column":22},"end":{"line":158,"column":30}},"44":{"start":{"line":159,"column":23},"end":{"line":159,"column":58}},"45":{"start":{"line":160,"column":6},"end":{"line":162,"column":7}},"46":{"start":{"line":161,"column":8},"end":{"line":161,"column":38}},"47":{"start":{"line":164,"column":21},"end":{"line":164,"column":31}},"48":{"start":{"line":165,"column":23},"end":{"line":168,"column":7}},"49":{"start":{"line":169,"column":6},"end":{"line":171,"column":7}},"50":{"start":{"line":170,"column":8},"end":{"line":170,"column":44}},"51":{"start":{"line":172,"column":6},"end":{"line":175,"column":9}},"52":{"start":{"line":177,"column":6},"end":{"line":177,"column":18}},"53":{"start":{"line":182,"column":4},"end":{"line":216,"column":5}},"54":{"start":{"line":183,"column":28},"end":{"line":183,"column":38}},"55":{"start":{"line":184,"column":19},"end":{"line":184,"column":42}},"56":{"start":{"line":186,"column":6},"end":{"line":188,"column":7}},"57":{"start":{"line":187,"column":8},"end":{"line":187,"column":41}},"58":{"start":{"line":190,"column":18},"end":{"line":190,"column":60}},"59":{"start":{"line":191,"column":6},"end":{"line":213,"column":9}},"60":{"start":{"line":192,"column":8},"end":{"line":212,"column":9}},"61":{"start":{"line":193,"column":10},"end":{"line":209,"column":11}},"62":{"start":{"line":195,"column":12},"end":{"line":197,"column":14}},"63":{"start":{"line":199,"column":29},"end":{"line":202,"column":14}},"64":{"start":{"line":203,"column":12},"end":{"line":203,"column":58}},"65":{"start":{"line":204,"column":12},"end":{"line":208,"column":15}},"66":{"start":{"line":211,"column":10},"end":{"line":211,"column":22}},"67":{"start":{"line":215,"column":6},"end":{"line":215,"column":15}},"68":{"start":{"line":220,"column":6},"end":{"line":255,"column":7}},"69":{"start":{"line":221,"column":31},"end":{"line":221,"column":39}},"70":{"start":{"line":222,"column":25},"end":{"line":222,"column":65}},"71":{"start":{"line":223,"column":8},"end":{"line":225,"column":9}},"72":{"start":{"line":224,"column":10},"end":{"line":224,"column":43}},"73":{"start":{"line":226,"column":8},"end":{"line":228,"column":9}},"74":{"start":{"line":227,"column":10},"end":{"line":227,"column":41}},"75":{"start":{"line":229,"column":8},"end":{"line":233,"column":9}},"76":{"start":{"line":230,"column":10},"end":{"line":232,"column":11}},"77":{"start":{"line":234,"column":24},"end":{"line":238,"column":9}},"78":{"start":{"line":239,"column":22},"end":{"line":239,"column":66}},"79":{"start":{"line":240,"column":19},"end":{"line":240,"column":58}},"80":{"start":{"line":241,"column":8},"end":{"line":252,"column":10}},"81":{"start":{"line":242,"column":10},"end":{"line":251,"column":11}},"82":{"start":{"line":243,"column":12},"end":{"line":245,"column":13}},"83":{"start":{"line":247,"column":12},"end":{"line":247,"column":58}},"84":{"start":{"line":248,"column":12},"end":{"line":250,"column":14}},"85":{"start":{"line":254,"column":8},"end":{"line":254,"column":17}},"86":{"start":{"line":259,"column":4},"end":{"line":278,"column":5}},"87":{"start":{"line":260,"column":21},"end":{"line":260,"column":31}},"88":{"start":{"line":261,"column":38},"end":{"line":261,"column":46}},"89":{"start":{"line":262,"column":6},"end":{"line":264,"column":7}},"90":{"start":{"line":263,"column":8},"end":{"line":263,"column":42}},"91":{"start":{"line":265,"column":6},"end":{"line":267,"column":7}},"92":{"start":{"line":266,"column":8},"end":{"line":266,"column":42}},"93":{"start":{"line":269,"column":19},"end":{"line":269,"column":50}},"94":{"start":{"line":270,"column":6},"end":{"line":272,"column":8}},"95":{"start":{"line":273,"column":6},"end":{"line":275,"column":8}},"96":{"start":{"line":277,"column":6},"end":{"line":277,"column":15}},"97":{"start":{"line":282,"column":4},"end":{"line":308,"column":5}},"98":{"start":{"line":283,"column":22},"end":{"line":283,"column":30}},"99":{"start":{"line":284,"column":6},"end":{"line":284,"column":24}},"100":{"start":{"line":285,"column":6},"end":{"line":287,"column":7}},"101":{"start":{"line":286,"column":8},"end":{"line":286,"column":39}},"102":{"start":{"line":288,"column":23},"end":{"line":288,"column":59}},"103":{"start":{"line":289,"column":26},"end":{"line":289,"column":28}},"104":{"start":{"line":290,"column":6},"end":{"line":302,"column":7}},"105":{"start":{"line":291,"column":8},"end":{"line":291,"column":47}},"106":{"start":{"line":292,"column":13},"end":{"line":302,"column":7}},"107":{"start":{"line":293,"column":8},"end":{"line":293,"column":47}},"108":{"start":{"line":294,"column":13},"end":{"line":302,"column":7}},"109":{"start":{"line":295,"column":8},"end":{"line":295,"column":33}},"110":{"start":{"line":296,"column":13},"end":{"line":302,"column":7}},"111":{"start":{"line":297,"column":8},"end":{"line":297,"column":37}},"112":{"start":{"line":298,"column":13},"end":{"line":302,"column":7}},"113":{"start":{"line":299,"column":8},"end":{"line":299,"column":58}},"114":{"start":{"line":300,"column":13},"end":{"line":302,"column":7}},"115":{"start":{"line":301,"column":8},"end":{"line":301,"column":41}},"116":{"start":{"line":303,"column":6},"end":{"line":305,"column":8}},"117":{"start":{"line":307,"column":6},"end":{"line":307,"column":15}},"118":{"start":{"line":312,"column":4},"end":{"line":333,"column":5}},"119":{"start":{"line":313,"column":28},"end":{"line":313,"column":38}},"120":{"start":{"line":314,"column":23},"end":{"line":314,"column":56}},"121":{"start":{"line":315,"column":6},"end":{"line":329,"column":7}},"122":{"start":{"line":316,"column":8},"end":{"line":316,"column":26}},"123":{"start":{"line":317,"column":8},"end":{"line":321,"column":11}},"124":{"start":{"line":322,"column":8},"end":{"line":325,"column":11}},"125":{"start":{"line":328,"column":8},"end":{"line":328,"column":41}},"126":{"start":{"line":332,"column":6},"end":{"line":332,"column":18}}},"fnMap":{"0":{"name":"(anonymous_0)","decl":{"start":{"line":9,"column":2},"end":{"line":9,"column":3}},"loc":{"start":{"line":9,"column":40},"end":{"line":39,"column":3}},"line":9},"1":{"name":"(anonymous_1)","decl":{"start":{"line":46,"column":2},"end":{"line":46,"column":3}},"loc":{"start":{"line":46,"column":44},"end":{"line":153,"column":3}},"line":46},"2":{"name":"(anonymous_2)","decl":{"start":{"line":120,"column":20},"end":{"line":120,"column":21}},"loc":{"start":{"line":120,"column":32},"end":{"line":146,"column":7}},"line":120},"3":{"name":"(anonymous_3)","decl":{"start":{"line":123,"column":66},"end":{"line":123,"column":67}},"loc":{"start":{"line":123,"column":83},"end":{"line":145,"column":9}},"line":123},"4":{"name":"(anonymous_4)","decl":{"start":{"line":155,"column":2},"end":{"line":155,"column":3}},"loc":{"start":{"line":155,"column":42},"end":{"line":179,"column":3}},"line":155},"5":{"name":"(anonymous_5)","decl":{"start":{"line":181,"column":2},"end":{"line":181,"column":3}},"loc":{"start":{"line":181,"column":40},"end":{"line":217,"column":3}},"line":181},"6":{"name":"(anonymous_6)","decl":{"start":{"line":191,"column":53},"end":{"line":191,"column":54}},"loc":{"start":{"line":191,"column":70},"end":{"line":213,"column":7}},"line":191},"7":{"name":"(anonymous_7)","decl":{"start":{"line":219,"column":2},"end":{"line":219,"column":3}},"loc":{"start":{"line":219,"column":45},"end":{"line":256,"column":3}},"line":219},"8":{"name":"(anonymous_8)","decl":{"start":{"line":241,"column":70},"end":{"line":241,"column":71}},"loc":{"start":{"line":241,"column":79},"end":{"line":252,"column":9}},"line":241},"9":{"name":"(anonymous_9)","decl":{"start":{"line":258,"column":2},"end":{"line":258,"column":3}},"loc":{"start":{"line":258,"column":44},"end":{"line":279,"column":3}},"line":258},"10":{"name":"(anonymous_10)","decl":{"start":{"line":281,"column":2},"end":{"line":281,"column":3}},"loc":{"start":{"line":281,"column":40},"end":{"line":309,"column":3}},"line":281},"11":{"name":"(anonymous_11)","decl":{"start":{"line":311,"column":4},"end":{"line":311,"column":5}},"loc":{"start":{"line":311,"column":45},"end":{"line":334,"column":3}},"line":311}},"branchMap":{"0":{"loc":{"start":{"line":16,"column":6},"end":{"line":20,"column":7}},"type":"if","locations":[{"start":{"line":16,"column":6},"end":{"line":20,"column":7}},{"start":{},"end":{}}],"line":16},"1":{"loc":{"start":{"line":16,"column":9},"end":{"line":16,"column":80}},"type":"binary-expr","locations":[{"start":{"line":16,"column":9},"end":{"line":16,"column":30}},{"start":{"line":16,"column":34},"end":{"line":16,"column":55}},{"start":{"line":16,"column":59},"end":{"line":16,"column":80}}],"line":16},"2":{"loc":{"start":{"line":22,"column":6},"end":{"line":34,"column":7}},"type":"if","locations":[{"start":{"line":22,"column":6},"end":{"line":34,"column":7}},{"start":{"line":30,"column":13},"end":{"line":34,"column":7}}],"line":22},"3":{"loc":{"start":{"line":22,"column":9},"end":{"line":22,"column":65}},"type":"binary-expr","locations":[{"start":{"line":22,"column":9},"end":{"line":22,"column":17}},{"start":{"line":22,"column":21},"end":{"line":22,"column":65}}],"line":22},"4":{"loc":{"start":{"line":66,"column":6},"end":{"line":71,"column":7}},"type":"if","locations":[{"start":{"line":66,"column":6},"end":{"line":71,"column":7}},{"start":{},"end":{}}],"line":66},"5":{"loc":{"start":{"line":66,"column":10},"end":{"line":66,"column":62}},"type":"binary-expr","locations":[{"start":{"line":66,"column":10},"end":{"line":66,"column":34}},{"start":{"line":66,"column":38},"end":{"line":66,"column":62}}],"line":66},"6":{"loc":{"start":{"line":75,"column":6},"end":{"line":82,"column":7}},"type":"if","locations":[{"start":{"line":75,"column":6},"end":{"line":82,"column":7}},{"start":{},"end":{}}],"line":75},"7":{"loc":{"start":{"line":78,"column":23},"end":{"line":78,"column":42}},"type":"binary-expr","locations":[{"start":{"line":78,"column":23},"end":{"line":78,"column":34}},{"start":{"line":78,"column":38},"end":{"line":78,"column":42}}],"line":78},"8":{"loc":{"start":{"line":79,"column":19},"end":{"line":79,"column":34}},"type":"binary-expr","locations":[{"start":{"line":79,"column":19},"end":{"line":79,"column":26}},{"start":{"line":79,"column":30},"end":{"line":79,"column":34}}],"line":79},"9":{"loc":{"start":{"line":90,"column":21},"end":{"line":90,"column":52}},"type":"binary-expr","locations":[{"start":{"line":90,"column":21},"end":{"line":90,"column":44}},{"start":{"line":90,"column":48},"end":{"line":90,"column":52}}],"line":90},"10":{"loc":{"start":{"line":97,"column":6},"end":{"line":111,"column":7}},"type":"if","locations":[{"start":{"line":97,"column":6},"end":{"line":111,"column":7}},{"start":{},"end":{}}],"line":97},"11":{"loc":{"start":{"line":125,"column":12},"end":{"line":141,"column":13}},"type":"if","locations":[{"start":{"line":125,"column":12},"end":{"line":141,"column":13}},{"start":{"line":130,"column":18},"end":{"line":141,"column":13}}],"line":125},"12":{"loc":{"start":{"line":160,"column":6},"end":{"line":162,"column":7}},"type":"if","locations":[{"start":{"line":160,"column":6},"end":{"line":162,"column":7}},{"start":{},"end":{}}],"line":160},"13":{"loc":{"start":{"line":169,"column":6},"end":{"line":171,"column":7}},"type":"if","locations":[{"start":{"line":169,"column":6},"end":{"line":171,"column":7}},{"start":{},"end":{}}],"line":169},"14":{"loc":{"start":{"line":186,"column":6},"end":{"line":188,"column":7}},"type":"if","locations":[{"start":{"line":186,"column":6},"end":{"line":188,"column":7}},{"start":{},"end":{}}],"line":186},"15":{"loc":{"start":{"line":193,"column":10},"end":{"line":209,"column":11}},"type":"if","locations":[{"start":{"line":193,"column":10},"end":{"line":209,"column":11}},{"start":{"line":198,"column":16},"end":{"line":209,"column":11}}],"line":193},"16":{"loc":{"start":{"line":223,"column":8},"end":{"line":225,"column":9}},"type":"if","locations":[{"start":{"line":223,"column":8},"end":{"line":225,"column":9}},{"start":{},"end":{}}],"line":223},"17":{"loc":{"start":{"line":226,"column":8},"end":{"line":228,"column":9}},"type":"if","locations":[{"start":{"line":226,"column":8},"end":{"line":228,"column":9}},{"start":{},"end":{}}],"line":226},"18":{"loc":{"start":{"line":229,"column":8},"end":{"line":233,"column":9}},"type":"if","locations":[{"start":{"line":229,"column":8},"end":{"line":233,"column":9}},{"start":{},"end":{}}],"line":229},"19":{"loc":{"start":{"line":229,"column":11},"end":{"line":229,"column":82}},"type":"binary-expr","locations":[{"start":{"line":229,"column":11},"end":{"line":229,"column":32}},{"start":{"line":229,"column":36},"end":{"line":229,"column":57}},{"start":{"line":229,"column":61},"end":{"line":229,"column":82}}],"line":229},"20":{"loc":{"start":{"line":242,"column":10},"end":{"line":251,"column":11}},"type":"if","locations":[{"start":{"line":242,"column":10},"end":{"line":251,"column":11}},{"start":{"line":246,"column":16},"end":{"line":251,"column":11}}],"line":242},"21":{"loc":{"start":{"line":262,"column":6},"end":{"line":264,"column":7}},"type":"if","locations":[{"start":{"line":262,"column":6},"end":{"line":264,"column":7}},{"start":{},"end":{}}],"line":262},"22":{"loc":{"start":{"line":265,"column":6},"end":{"line":267,"column":7}},"type":"if","locations":[{"start":{"line":265,"column":6},"end":{"line":267,"column":7}},{"start":{},"end":{}}],"line":265},"23":{"loc":{"start":{"line":285,"column":6},"end":{"line":287,"column":7}},"type":"if","locations":[{"start":{"line":285,"column":6},"end":{"line":287,"column":7}},{"start":{},"end":{}}],"line":285},"24":{"loc":{"start":{"line":290,"column":6},"end":{"line":302,"column":7}},"type":"if","locations":[{"start":{"line":290,"column":6},"end":{"line":302,"column":7}},{"start":{"line":292,"column":13},"end":{"line":302,"column":7}}],"line":290},"25":{"loc":{"start":{"line":292,"column":13},"end":{"line":302,"column":7}},"type":"if","locations":[{"start":{"line":292,"column":13},"end":{"line":302,"column":7}},{"start":{"line":294,"column":13},"end":{"line":302,"column":7}}],"line":292},"26":{"loc":{"start":{"line":294,"column":13},"end":{"line":302,"column":7}},"type":"if","locations":[{"start":{"line":294,"column":13},"end":{"line":302,"column":7}},{"start":{"line":296,"column":13},"end":{"line":302,"column":7}}],"line":294},"27":{"loc":{"start":{"line":296,"column":13},"end":{"line":302,"column":7}},"type":"if","locations":[{"start":{"line":296,"column":13},"end":{"line":302,"column":7}},{"start":{"line":298,"column":13},"end":{"line":302,"column":7}}],"line":296},"28":{"loc":{"start":{"line":296,"column":16},"end":{"line":296,"column":84}},"type":"binary-expr","locations":[{"start":{"line":296,"column":16},"end":{"line":296,"column":36}},{"start":{"line":296,"column":40},"end":{"line":296,"column":60}},{"start":{"line":296,"column":64},"end":{"line":296,"column":84}}],"line":296},"29":{"loc":{"start":{"line":298,"column":13},"end":{"line":302,"column":7}},"type":"if","locations":[{"start":{"line":298,"column":13},"end":{"line":302,"column":7}},{"start":{"line":300,"column":13},"end":{"line":302,"column":7}}],"line":298},"30":{"loc":{"start":{"line":298,"column":16},"end":{"line":298,"column":62}},"type":"binary-expr","locations":[{"start":{"line":298,"column":16},"end":{"line":298,"column":37}},{"start":{"line":298,"column":41},"end":{"line":298,"column":62}}],"line":298},"31":{"loc":{"start":{"line":300,"column":13},"end":{"line":302,"column":7}},"type":"if","locations":[{"start":{"line":300,"column":13},"end":{"line":302,"column":7}},{"start":{},"end":{}}],"line":300},"32":{"loc":{"start":{"line":315,"column":6},"end":{"line":329,"column":7}},"type":"if","locations":[{"start":{"line":315,"column":6},"end":{"line":329,"column":7}},{"start":{"line":327,"column":10},"end":{"line":329,"column":7}}],"line":315}},"s":{"0":2,"1":2,"2":2,"3":2,"4":2,"5":2,"6":2,"7":0,"8":0,"9":0,"10":0,"11":0,"12":0,"13":0,"14":0,"15":0,"16":0,"17":0,"18":0,"19":0,"20":0,"21":0,"22":0,"23":0,"24":0,"25":0,"26":0,"27":0,"28":0,"29":0,"30":0,"31":0,"32":0,"33":0,"34":0,"35":0,"36":0,"37":0,"38":0,"39":0,"40":0,"41":0,"42":0,"43":0,"44":0,"45":0,"46":0,"47":0,"48":0,"49":0,"50":0,"51":0,"52":0,"53":0,"54":0,"55":0,"56":0,"57":0,"58":0,"59":0,"60":0,"61":0,"62":0,"63":0,"64":0,"65":0,"66":0,"67":0,"68":0,"69":0,"70":0,"71":0,"72":0,"73":0,"74":0,"75":0,"76":0,"77":0,"78":0,"79":0,"80":0,"81":0,"82":0,"83":0,"84":0,"85":0,"86":0,"87":0,"88":0,"89":0,"90":0,"91":0,"92":0,"93":0,"94":0,"95":0,"96":0,"97":0,"98":0,"99":0,"100":0,"101":0,"102":0,"103":0,"104":0,"105":0,"106":0,"107":0,"108":0,"109":0,"110":0,"111":0,"112":0,"113":0,"114":0,"115":0,"116":0,"117":0,"118":0,"119":0,"120":0,"121":0,"122":0,"123":0,"124":0,"125":0,"126":0},"f":{"0":0,"1":0,"2":0,"3":0,"4":0,"5":0,"6":0,"7":0,"8":0,"9":0,"10":0,"11":0},"b":{"0":[0,0],"1":[0,0,0],"2":[0,0],"3":[0,0],"4":[0,0],"5":[0,0],"6":[0,0],"7":[0,0],"8":[0,0],"9":[0,0],"10":[0,0],"11":[0,0],"12":[0,0],"13":[0,0],"14":[0,0],"15":[0,0],"16":[0,0],"17":[0,0],"18":[0,0],"19":[0,0,0],"20":[0,0],"21":[0,0],"22":[0,0],"23":[0,0],"24":[0,0],"25":[0,0],"26":[0,0],"27":[0,0],"28":[0,0,0],"29":[0,0],"30":[0,0],"31":[0,0],"32":[0,0]},"_coverageSchema":"1a1c01bbd47fc00a2c39e90264f33305004495a9","hash":"6f32234141d1a57a36da071dce1f48362bc744b4"}
,"/home/giffari/Documents/FP/Merchant-CMS/server/controllers/category.js": {"path":"/home/giffari/Documents/FP/Merchant-CMS/server/controllers/category.js","statementMap":{"0":{"start":{"line":1,"column":21},"end":{"line":1,"column":41}},"1":{"start":{"line":2,"column":14},"end":{"line":2,"column":40}},"2":{"start":{"line":4,"column":0},"end":{"line":284,"column":2}},"3":{"start":{"line":6,"column":4},"end":{"line":23,"column":5}},"4":{"start":{"line":7,"column":18},"end":{"line":7,"column":58}},"5":{"start":{"line":8,"column":6},"end":{"line":20,"column":7}},"6":{"start":{"line":9,"column":8},"end":{"line":9,"column":48}},"7":{"start":{"line":11,"column":23},"end":{"line":17,"column":10}},"8":{"start":{"line":18,"column":8},"end":{"line":18,"column":75}},"9":{"start":{"line":19,"column":8},"end":{"line":19,"column":39}},"10":{"start":{"line":22,"column":6},"end":{"line":22,"column":18}},"11":{"start":{"line":27,"column":4},"end":{"line":44,"column":5}},"12":{"start":{"line":28,"column":18},"end":{"line":28,"column":54}},"13":{"start":{"line":29,"column":6},"end":{"line":40,"column":7}},"14":{"start":{"line":30,"column":8},"end":{"line":30,"column":48}},"15":{"start":{"line":32,"column":23},"end":{"line":37,"column":10}},"16":{"start":{"line":38,"column":8},"end":{"line":38,"column":71}},"17":{"start":{"line":39,"column":8},"end":{"line":39,"column":39}},"18":{"start":{"line":42,"column":6},"end":{"line":42,"column":25}},"19":{"start":{"line":43,"column":6},"end":{"line":43,"column":18}},"20":{"start":{"line":48,"column":4},"end":{"line":58,"column":5}},"21":{"start":{"line":49,"column":21},"end":{"line":49,"column":29}},"22":{"start":{"line":50,"column":21},"end":{"line":53,"column":8}},"23":{"start":{"line":54,"column":6},"end":{"line":54,"column":43}},"24":{"start":{"line":55,"column":6},"end":{"line":55,"column":37}},"25":{"start":{"line":57,"column":6},"end":{"line":57,"column":18}},"26":{"start":{"line":62,"column":4},"end":{"line":78,"column":5}},"27":{"start":{"line":63,"column":34},"end":{"line":63,"column":42}},"28":{"start":{"line":64,"column":6},"end":{"line":68,"column":7}},"29":{"start":{"line":65,"column":8},"end":{"line":67,"column":10}},"30":{"start":{"line":69,"column":21},"end":{"line":73,"column":8}},"31":{"start":{"line":74,"column":6},"end":{"line":74,"column":47}},"32":{"start":{"line":75,"column":6},"end":{"line":75,"column":37}},"33":{"start":{"line":77,"column":6},"end":{"line":77,"column":18}},"34":{"start":{"line":82,"column":4},"end":{"line":119,"column":5}},"35":{"start":{"line":83,"column":6},"end":{"line":116,"column":7}},"36":{"start":{"line":84,"column":17},"end":{"line":84,"column":30}},"37":{"start":{"line":85,"column":23},"end":{"line":85,"column":51}},"38":{"start":{"line":86,"column":8},"end":{"line":90,"column":9}},"39":{"start":{"line":87,"column":10},"end":{"line":89,"column":12}},"40":{"start":{"line":92,"column":36},"end":{"line":92,"column":44}},"41":{"start":{"line":93,"column":8},"end":{"line":97,"column":9}},"42":{"start":{"line":94,"column":10},"end":{"line":96,"column":12}},"43":{"start":{"line":98,"column":8},"end":{"line":102,"column":9}},"44":{"start":{"line":99,"column":10},"end":{"line":101,"column":12}},"45":{"start":{"line":103,"column":30},"end":{"line":111,"column":9}},"46":{"start":{"line":112,"column":8},"end":{"line":112,"column":49}},"47":{"start":{"line":113,"column":8},"end":{"line":113,"column":38}},"48":{"start":{"line":115,"column":8},"end":{"line":115,"column":20}},"49":{"start":{"line":118,"column":6},"end":{"line":118,"column":18}},"50":{"start":{"line":123,"column":4},"end":{"line":154,"column":5}},"51":{"start":{"line":124,"column":6},"end":{"line":151,"column":7}},"52":{"start":{"line":125,"column":17},"end":{"line":125,"column":30}},"53":{"start":{"line":126,"column":23},"end":{"line":126,"column":51}},"54":{"start":{"line":127,"column":8},"end":{"line":131,"column":9}},"55":{"start":{"line":128,"column":10},"end":{"line":130,"column":12}},"56":{"start":{"line":132,"column":23},"end":{"line":132,"column":31}},"57":{"start":{"line":133,"column":8},"end":{"line":137,"column":9}},"58":{"start":{"line":134,"column":10},"end":{"line":136,"column":12}},"59":{"start":{"line":138,"column":30},"end":{"line":146,"column":9}},"60":{"start":{"line":147,"column":8},"end":{"line":147,"column":45}},"61":{"start":{"line":148,"column":8},"end":{"line":148,"column":38}},"62":{"start":{"line":150,"column":8},"end":{"line":150,"column":20}},"63":{"start":{"line":153,"column":6},"end":{"line":153,"column":18}},"64":{"start":{"line":158,"column":4},"end":{"line":189,"column":5}},"65":{"start":{"line":159,"column":15},"end":{"line":159,"column":28}},"66":{"start":{"line":160,"column":21},"end":{"line":160,"column":49}},"67":{"start":{"line":161,"column":6},"end":{"line":165,"column":7}},"68":{"start":{"line":162,"column":8},"end":{"line":164,"column":10}},"69":{"start":{"line":166,"column":6},"end":{"line":171,"column":7}},"70":{"start":{"line":170,"column":8},"end":{"line":170,"column":49}},"71":{"start":{"line":173,"column":6},"end":{"line":175,"column":7}},"72":{"start":{"line":174,"column":8},"end":{"line":174,"column":45}},"73":{"start":{"line":177,"column":6},"end":{"line":179,"column":7}},"74":{"start":{"line":178,"column":8},"end":{"line":178,"column":49}},"75":{"start":{"line":180,"column":6},"end":{"line":182,"column":9}},"76":{"start":{"line":183,"column":6},"end":{"line":185,"column":9}},"77":{"start":{"line":187,"column":6},"end":{"line":187,"column":31}},"78":{"start":{"line":188,"column":6},"end":{"line":188,"column":18}},"79":{"start":{"line":193,"column":4},"end":{"line":219,"column":5}},"80":{"start":{"line":194,"column":6},"end":{"line":216,"column":7}},"81":{"start":{"line":195,"column":23},"end":{"line":195,"column":31}},"82":{"start":{"line":196,"column":17},"end":{"line":196,"column":39}},"83":{"start":{"line":197,"column":23},"end":{"line":197,"column":51}},"84":{"start":{"line":198,"column":8},"end":{"line":202,"column":9}},"85":{"start":{"line":199,"column":10},"end":{"line":201,"column":12}},"86":{"start":{"line":203,"column":8},"end":{"line":207,"column":9}},"87":{"start":{"line":204,"column":10},"end":{"line":206,"column":12}},"88":{"start":{"line":208,"column":19},"end":{"line":211,"column":10}},"89":{"start":{"line":212,"column":8},"end":{"line":212,"column":49}},"90":{"start":{"line":213,"column":8},"end":{"line":213,"column":35}},"91":{"start":{"line":215,"column":8},"end":{"line":215,"column":20}},"92":{"start":{"line":218,"column":6},"end":{"line":218,"column":18}},"93":{"start":{"line":223,"column":4},"end":{"line":256,"column":5}},"94":{"start":{"line":224,"column":15},"end":{"line":224,"column":28}},"95":{"start":{"line":225,"column":21},"end":{"line":225,"column":49}},"96":{"start":{"line":226,"column":6},"end":{"line":230,"column":7}},"97":{"start":{"line":227,"column":8},"end":{"line":229,"column":10}},"98":{"start":{"line":231,"column":32},"end":{"line":231,"column":40}},"99":{"start":{"line":232,"column":6},"end":{"line":236,"column":7}},"100":{"start":{"line":233,"column":8},"end":{"line":235,"column":10}},"101":{"start":{"line":237,"column":21},"end":{"line":237,"column":56}},"102":{"start":{"line":238,"column":6},"end":{"line":242,"column":7}},"103":{"start":{"line":239,"column":8},"end":{"line":241,"column":10}},"104":{"start":{"line":243,"column":28},"end":{"line":251,"column":7}},"105":{"start":{"line":252,"column":6},"end":{"line":252,"column":47}},"106":{"start":{"line":253,"column":6},"end":{"line":253,"column":36}},"107":{"start":{"line":255,"column":6},"end":{"line":255,"column":18}},"108":{"start":{"line":260,"column":4},"end":{"line":282,"column":5}},"109":{"start":{"line":261,"column":15},"end":{"line":261,"column":28}},"110":{"start":{"line":262,"column":21},"end":{"line":273,"column":8}},"111":{"start":{"line":274,"column":6},"end":{"line":278,"column":7}},"112":{"start":{"line":275,"column":8},"end":{"line":277,"column":10}},"113":{"start":{"line":279,"column":6},"end":{"line":279,"column":37}},"114":{"start":{"line":281,"column":6},"end":{"line":281,"column":18}}},"fnMap":{"0":{"name":"(anonymous_0)","decl":{"start":{"line":5,"column":2},"end":{"line":5,"column":3}},"loc":{"start":{"line":5,"column":57},"end":{"line":24,"column":3}},"line":5},"1":{"name":"(anonymous_1)","decl":{"start":{"line":26,"column":2},"end":{"line":26,"column":3}},"loc":{"start":{"line":26,"column":56},"end":{"line":45,"column":3}},"line":26},"2":{"name":"(anonymous_2)","decl":{"start":{"line":47,"column":2},"end":{"line":47,"column":3}},"loc":{"start":{"line":47,"column":52},"end":{"line":59,"column":3}},"line":47},"3":{"name":"(anonymous_3)","decl":{"start":{"line":61,"column":2},"end":{"line":61,"column":3}},"loc":{"start":{"line":61,"column":53},"end":{"line":79,"column":3}},"line":61},"4":{"name":"(anonymous_4)","decl":{"start":{"line":81,"column":2},"end":{"line":81,"column":3}},"loc":{"start":{"line":81,"column":52},"end":{"line":120,"column":3}},"line":81},"5":{"name":"(anonymous_5)","decl":{"start":{"line":122,"column":2},"end":{"line":122,"column":3}},"loc":{"start":{"line":122,"column":51},"end":{"line":155,"column":3}},"line":122},"6":{"name":"(anonymous_6)","decl":{"start":{"line":157,"column":2},"end":{"line":157,"column":3}},"loc":{"start":{"line":157,"column":46},"end":{"line":190,"column":3}},"line":157},"7":{"name":"(anonymous_7)","decl":{"start":{"line":192,"column":2},"end":{"line":192,"column":3}},"loc":{"start":{"line":192,"column":47},"end":{"line":220,"column":3}},"line":192},"8":{"name":"(anonymous_8)","decl":{"start":{"line":222,"column":2},"end":{"line":222,"column":3}},"loc":{"start":{"line":222,"column":46},"end":{"line":257,"column":3}},"line":222},"9":{"name":"(anonymous_9)","decl":{"start":{"line":259,"column":2},"end":{"line":259,"column":3}},"loc":{"start":{"line":259,"column":49},"end":{"line":283,"column":3}},"line":259}},"branchMap":{"0":{"loc":{"start":{"line":8,"column":6},"end":{"line":20,"column":7}},"type":"if","locations":[{"start":{"line":8,"column":6},"end":{"line":20,"column":7}},{"start":{"line":10,"column":13},"end":{"line":20,"column":7}}],"line":8},"1":{"loc":{"start":{"line":29,"column":6},"end":{"line":40,"column":7}},"type":"if","locations":[{"start":{"line":29,"column":6},"end":{"line":40,"column":7}},{"start":{"line":31,"column":13},"end":{"line":40,"column":7}}],"line":29},"2":{"loc":{"start":{"line":64,"column":6},"end":{"line":68,"column":7}},"type":"if","locations":[{"start":{"line":64,"column":6},"end":{"line":68,"column":7}},{"start":{},"end":{}}],"line":64},"3":{"loc":{"start":{"line":86,"column":8},"end":{"line":90,"column":9}},"type":"if","locations":[{"start":{"line":86,"column":8},"end":{"line":90,"column":9}},{"start":{},"end":{}}],"line":86},"4":{"loc":{"start":{"line":93,"column":8},"end":{"line":97,"column":9}},"type":"if","locations":[{"start":{"line":93,"column":8},"end":{"line":97,"column":9}},{"start":{},"end":{}}],"line":93},"5":{"loc":{"start":{"line":98,"column":8},"end":{"line":102,"column":9}},"type":"if","locations":[{"start":{"line":98,"column":8},"end":{"line":102,"column":9}},{"start":{},"end":{}}],"line":98},"6":{"loc":{"start":{"line":127,"column":8},"end":{"line":131,"column":9}},"type":"if","locations":[{"start":{"line":127,"column":8},"end":{"line":131,"column":9}},{"start":{},"end":{}}],"line":127},"7":{"loc":{"start":{"line":133,"column":8},"end":{"line":137,"column":9}},"type":"if","locations":[{"start":{"line":133,"column":8},"end":{"line":137,"column":9}},{"start":{},"end":{}}],"line":133},"8":{"loc":{"start":{"line":161,"column":6},"end":{"line":165,"column":7}},"type":"if","locations":[{"start":{"line":161,"column":6},"end":{"line":165,"column":7}},{"start":{},"end":{}}],"line":161},"9":{"loc":{"start":{"line":166,"column":6},"end":{"line":171,"column":7}},"type":"if","locations":[{"start":{"line":166,"column":6},"end":{"line":171,"column":7}},{"start":{},"end":{}}],"line":166},"10":{"loc":{"start":{"line":167,"column":8},"end":{"line":168,"column":45}},"type":"binary-expr","locations":[{"start":{"line":167,"column":8},"end":{"line":167,"column":35}},{"start":{"line":168,"column":8},"end":{"line":168,"column":45}}],"line":167},"11":{"loc":{"start":{"line":173,"column":6},"end":{"line":175,"column":7}},"type":"if","locations":[{"start":{"line":173,"column":6},"end":{"line":175,"column":7}},{"start":{},"end":{}}],"line":173},"12":{"loc":{"start":{"line":173,"column":10},"end":{"line":173,"column":77}},"type":"binary-expr","locations":[{"start":{"line":173,"column":10},"end":{"line":173,"column":37}},{"start":{"line":173,"column":41},"end":{"line":173,"column":77}}],"line":173},"13":{"loc":{"start":{"line":177,"column":6},"end":{"line":179,"column":7}},"type":"if","locations":[{"start":{"line":177,"column":6},"end":{"line":179,"column":7}},{"start":{},"end":{}}],"line":177},"14":{"loc":{"start":{"line":198,"column":8},"end":{"line":202,"column":9}},"type":"if","locations":[{"start":{"line":198,"column":8},"end":{"line":202,"column":9}},{"start":{},"end":{}}],"line":198},"15":{"loc":{"start":{"line":203,"column":8},"end":{"line":207,"column":9}},"type":"if","locations":[{"start":{"line":203,"column":8},"end":{"line":207,"column":9}},{"start":{},"end":{}}],"line":203},"16":{"loc":{"start":{"line":226,"column":6},"end":{"line":230,"column":7}},"type":"if","locations":[{"start":{"line":226,"column":6},"end":{"line":230,"column":7}},{"start":{},"end":{}}],"line":226},"17":{"loc":{"start":{"line":232,"column":6},"end":{"line":236,"column":7}},"type":"if","locations":[{"start":{"line":232,"column":6},"end":{"line":236,"column":7}},{"start":{},"end":{}}],"line":232},"18":{"loc":{"start":{"line":238,"column":6},"end":{"line":242,"column":7}},"type":"if","locations":[{"start":{"line":238,"column":6},"end":{"line":242,"column":7}},{"start":{},"end":{}}],"line":238},"19":{"loc":{"start":{"line":274,"column":6},"end":{"line":278,"column":7}},"type":"if","locations":[{"start":{"line":274,"column":6},"end":{"line":278,"column":7}},{"start":{},"end":{}}],"line":274}},"s":{"0":2,"1":2,"2":2,"3":1,"4":1,"5":0,"6":0,"7":0,"8":0,"9":0,"10":1,"11":1,"12":1,"13":0,"14":0,"15":0,"16":0,"17":0,"18":1,"19":1,"20":0,"21":0,"22":0,"23":0,"24":0,"25":0,"26":0,"27":0,"28":0,"29":0,"30":0,"31":0,"32":0,"33":0,"34":0,"35":0,"36":0,"37":0,"38":0,"39":0,"40":0,"41":0,"42":0,"43":0,"44":0,"45":0,"46":0,"47":0,"48":0,"49":0,"50":0,"51":0,"52":0,"53":0,"54":0,"55":0,"56":0,"57":0,"58":0,"59":0,"60":0,"61":0,"62":0,"63":0,"64":0,"65":0,"66":0,"67":0,"68":0,"69":0,"70":0,"71":0,"72":0,"73":0,"74":0,"75":0,"76":0,"77":0,"78":0,"79":0,"80":0,"81":0,"82":0,"83":0,"84":0,"85":0,"86":0,"87":0,"88":0,"89":0,"90":0,"91":0,"92":0,"93":0,"94":0,"95":0,"96":0,"97":0,"98":0,"99":0,"100":0,"101":0,"102":0,"103":0,"104":0,"105":0,"106":0,"107":0,"108":2,"109":2,"110":2,"111":1,"112":1,"113":0,"114":2},"f":{"0":1,"1":1,"2":0,"3":0,"4":0,"5":0,"6":0,"7":0,"8":0,"9":2},"b":{"0":[0,0],"1":[0,0],"2":[0,0],"3":[0,0],"4":[0,0],"5":[0,0],"6":[0,0],"7":[0,0],"8":[0,0],"9":[0,0],"10":[0,0],"11":[0,0],"12":[0,0],"13":[0,0],"14":[0,0],"15":[0,0],"16":[0,0],"17":[0,0],"18":[0,0],"19":[1,0]},"_coverageSchema":"1a1c01bbd47fc00a2c39e90264f33305004495a9","hash":"6f1a89adbc5491b2ca146be336d052960941d85d"}
,"/home/giffari/Documents/FP/Merchant-CMS/server/controllers/history.js": {"path":"/home/giffari/Documents/FP/Merchant-CMS/server/controllers/history.js","statementMap":{"0":{"start":{"line":1,"column":20},"end":{"line":1,"column":40}},"1":{"start":{"line":5,"column":8},"end":{"line":10,"column":9}},"2":{"start":{"line":6,"column":25},"end":{"line":6,"column":48}},"3":{"start":{"line":7,"column":12},"end":{"line":7,"column":39}},"4":{"start":{"line":9,"column":12},"end":{"line":9,"column":24}},"5":{"start":{"line":14,"column":0},"end":{"line":14,"column":35}}},"fnMap":{"0":{"name":"(anonymous_0)","decl":{"start":{"line":4,"column":4},"end":{"line":4,"column":5}},"loc":{"start":{"line":4,"column":49},"end":{"line":11,"column":5}},"line":4}},"branchMap":{},"s":{"0":2,"1":0,"2":0,"3":0,"4":0,"5":2},"f":{"0":0},"b":{},"_coverageSchema":"1a1c01bbd47fc00a2c39e90264f33305004495a9","hash":"cd73642cd8fb760a03c20bf26c8d6b82ffb61659"}
,"/home/giffari/Documents/FP/Merchant-CMS/server/controllers/privilege.js": {"path":"/home/giffari/Documents/FP/Merchant-CMS/server/controllers/privilege.js","statementMap":{"0":{"start":{"line":1,"column":22},"end":{"line":1,"column":42}},"1":{"start":{"line":2,"column":19},"end":{"line":2,"column":56}},"2":{"start":{"line":6,"column":8},"end":{"line":24,"column":9}},"3":{"start":{"line":7,"column":29},"end":{"line":7,"column":37}},"4":{"start":{"line":8,"column":25},"end":{"line":8,"column":57}},"5":{"start":{"line":9,"column":28},"end":{"line":13,"column":15}},"6":{"start":{"line":14,"column":39},"end":{"line":14,"column":83}},"7":{"start":{"line":15,"column":14},"end":{"line":17,"column":15}},"8":{"start":{"line":16,"column":16},"end":{"line":16,"column":54}},"9":{"start":{"line":18,"column":14},"end":{"line":21,"column":17}},"10":{"start":{"line":23,"column":12},"end":{"line":23,"column":24}},"11":{"start":{"line":27,"column":8},"end":{"line":34,"column":9}},"12":{"start":{"line":28,"column":25},"end":{"line":30,"column":14}},"13":{"start":{"line":31,"column":12},"end":{"line":31,"column":39}},"14":{"start":{"line":33,"column":12},"end":{"line":33,"column":24}},"15":{"start":{"line":37,"column":8},"end":{"line":48,"column":9}},"16":{"start":{"line":38,"column":27},"end":{"line":38,"column":37}},"17":{"start":{"line":39,"column":25},"end":{"line":41,"column":14}},"18":{"start":{"line":42,"column":12},"end":{"line":44,"column":13}},"19":{"start":{"line":43,"column":16},"end":{"line":43,"column":54}},"20":{"start":{"line":45,"column":12},"end":{"line":45,"column":39}},"21":{"start":{"line":47,"column":12},"end":{"line":47,"column":24}},"22":{"start":{"line":51,"column":8},"end":{"line":70,"column":9}},"23":{"start":{"line":52,"column":27},"end":{"line":52,"column":37}},"24":{"start":{"line":53,"column":35},"end":{"line":53,"column":63}},"25":{"start":{"line":54,"column":12},"end":{"line":56,"column":13}},"26":{"start":{"line":55,"column":16},"end":{"line":55,"column":54}},"27":{"start":{"line":57,"column":12},"end":{"line":57,"column":55}},"28":{"start":{"line":58,"column":28},"end":{"line":62,"column":15}},"29":{"start":{"line":63,"column":39},"end":{"line":63,"column":83}},"30":{"start":{"line":64,"column":14},"end":{"line":66,"column":15}},"31":{"start":{"line":65,"column":16},"end":{"line":65,"column":54}},"32":{"start":{"line":67,"column":12},"end":{"line":67,"column":75}},"33":{"start":{"line":69,"column":12},"end":{"line":69,"column":24}},"34":{"start":{"line":74,"column":0},"end":{"line":74,"column":37}}},"fnMap":{"0":{"name":"(anonymous_0)","decl":{"start":{"line":5,"column":4},"end":{"line":5,"column":5}},"loc":{"start":{"line":5,"column":50},"end":{"line":25,"column":5}},"line":5},"1":{"name":"(anonymous_1)","decl":{"start":{"line":26,"column":4},"end":{"line":26,"column":5}},"loc":{"start":{"line":26,"column":50},"end":{"line":35,"column":5}},"line":26},"2":{"name":"(anonymous_2)","decl":{"start":{"line":36,"column":4},"end":{"line":36,"column":5}},"loc":{"start":{"line":36,"column":51},"end":{"line":49,"column":5}},"line":36},"3":{"name":"(anonymous_3)","decl":{"start":{"line":50,"column":4},"end":{"line":50,"column":5}},"loc":{"start":{"line":50,"column":50},"end":{"line":71,"column":5}},"line":50}},"branchMap":{"0":{"loc":{"start":{"line":15,"column":14},"end":{"line":17,"column":15}},"type":"if","locations":[{"start":{"line":15,"column":14},"end":{"line":17,"column":15}},{"start":{},"end":{}}],"line":15},"1":{"loc":{"start":{"line":42,"column":12},"end":{"line":44,"column":13}},"type":"if","locations":[{"start":{"line":42,"column":12},"end":{"line":44,"column":13}},{"start":{},"end":{}}],"line":42},"2":{"loc":{"start":{"line":54,"column":12},"end":{"line":56,"column":13}},"type":"if","locations":[{"start":{"line":54,"column":12},"end":{"line":56,"column":13}},{"start":{},"end":{}}],"line":54},"3":{"loc":{"start":{"line":64,"column":14},"end":{"line":66,"column":15}},"type":"if","locations":[{"start":{"line":64,"column":14},"end":{"line":66,"column":15}},{"start":{},"end":{}}],"line":64}},"s":{"0":2,"1":2,"2":0,"3":0,"4":0,"5":0,"6":0,"7":0,"8":0,"9":0,"10":0,"11":0,"12":0,"13":0,"14":0,"15":0,"16":0,"17":0,"18":0,"19":0,"20":0,"21":0,"22":0,"23":0,"24":0,"25":0,"26":0,"27":0,"28":0,"29":0,"30":0,"31":0,"32":0,"33":0,"34":2},"f":{"0":0,"1":0,"2":0,"3":0},"b":{"0":[0,0],"1":[0,0],"2":[0,0],"3":[0,0]},"_coverageSchema":"1a1c01bbd47fc00a2c39e90264f33305004495a9","hash":"7f8b282a30d397709febaa1911a8793f10cb6221"}
,"/home/giffari/Documents/FP/Merchant-CMS/server/controllers/province.js": {"path":"/home/giffari/Documents/FP/Merchant-CMS/server/controllers/province.js","statementMap":{"0":{"start":{"line":1,"column":27},"end":{"line":1,"column":47}},"1":{"start":{"line":2,"column":14},"end":{"line":2,"column":40}},"2":{"start":{"line":4,"column":0},"end":{"line":21,"column":2}},"3":{"start":{"line":6,"column":4},"end":{"line":19,"column":5}},"4":{"start":{"line":7,"column":24},"end":{"line":7,"column":52}},"5":{"start":{"line":8,"column":6},"end":{"line":16,"column":7}},"6":{"start":{"line":9,"column":8},"end":{"line":9,"column":52}},"7":{"start":{"line":11,"column":25},"end":{"line":13,"column":10}},"8":{"start":{"line":14,"column":8},"end":{"line":14,"column":63}},"9":{"start":{"line":15,"column":8},"end":{"line":15,"column":39}},"10":{"start":{"line":18,"column":6},"end":{"line":18,"column":18}}},"fnMap":{"0":{"name":"(anonymous_0)","decl":{"start":{"line":5,"column":2},"end":{"line":5,"column":3}},"loc":{"start":{"line":5,"column":43},"end":{"line":20,"column":3}},"line":5}},"branchMap":{"0":{"loc":{"start":{"line":8,"column":6},"end":{"line":16,"column":7}},"type":"if","locations":[{"start":{"line":8,"column":6},"end":{"line":16,"column":7}},{"start":{"line":10,"column":13},"end":{"line":16,"column":7}}],"line":8}},"s":{"0":2,"1":2,"2":2,"3":0,"4":0,"5":0,"6":0,"7":0,"8":0,"9":0,"10":0},"f":{"0":0},"b":{"0":[0,0]},"_coverageSchema":"1a1c01bbd47fc00a2c39e90264f33305004495a9","hash":"9a53bd1d92e366aac5e4b1bc1764d103c74b8596"}
,"/home/giffari/Documents/FP/Merchant-CMS/server/controllers/role.js": {"path":"/home/giffari/Documents/FP/Merchant-CMS/server/controllers/role.js","statementMap":{"0":{"start":{"line":1,"column":17},"end":{"line":1,"column":37}},"1":{"start":{"line":2,"column":19},"end":{"line":2,"column":56}},"2":{"start":{"line":6,"column":4},"end":{"line":25,"column":5}},"3":{"start":{"line":7,"column":36},"end":{"line":7,"column":44}},"4":{"start":{"line":8,"column":19},"end":{"line":8,"column":59}},"5":{"start":{"line":9,"column":22},"end":{"line":13,"column":7}},"6":{"start":{"line":14,"column":31},"end":{"line":14,"column":70}},"7":{"start":{"line":15,"column":6},"end":{"line":17,"column":7}},"8":{"start":{"line":16,"column":8},"end":{"line":16,"column":46}},"9":{"start":{"line":18,"column":6},"end":{"line":22,"column":9}},"10":{"start":{"line":24,"column":6},"end":{"line":24,"column":18}},"11":{"start":{"line":28,"column":4},"end":{"line":39,"column":5}},"12":{"start":{"line":29,"column":19},"end":{"line":31,"column":8}},"13":{"start":{"line":32,"column":6},"end":{"line":36,"column":5}},"14":{"start":{"line":33,"column":8},"end":{"line":33,"column":63}},"15":{"start":{"line":35,"column":8},"end":{"line":35,"column":35}},"16":{"start":{"line":38,"column":6},"end":{"line":38,"column":18}},"17":{"start":{"line":42,"column":4},"end":{"line":53,"column":5}},"18":{"start":{"line":43,"column":21},"end":{"line":43,"column":31}},"19":{"start":{"line":44,"column":19},"end":{"line":46,"column":8}},"20":{"start":{"line":47,"column":6},"end":{"line":49,"column":7}},"21":{"start":{"line":48,"column":8},"end":{"line":48,"column":41}},"22":{"start":{"line":50,"column":6},"end":{"line":50,"column":33}},"23":{"start":{"line":52,"column":6},"end":{"line":52,"column":18}},"24":{"start":{"line":56,"column":4},"end":{"line":80,"column":5}},"25":{"start":{"line":57,"column":21},"end":{"line":57,"column":31}},"26":{"start":{"line":58,"column":36},"end":{"line":58,"column":44}},"27":{"start":{"line":59,"column":24},"end":{"line":59,"column":47}},"28":{"start":{"line":60,"column":6},"end":{"line":62,"column":7}},"29":{"start":{"line":61,"column":8},"end":{"line":61,"column":41}},"30":{"start":{"line":63,"column":19},"end":{"line":63,"column":95}},"31":{"start":{"line":64,"column":6},"end":{"line":77,"column":7}},"32":{"start":{"line":65,"column":8},"end":{"line":65,"column":77}},"33":{"start":{"line":67,"column":24},"end":{"line":71,"column":9}},"34":{"start":{"line":72,"column":33},"end":{"line":72,"column":72}},"35":{"start":{"line":73,"column":8},"end":{"line":75,"column":9}},"36":{"start":{"line":74,"column":10},"end":{"line":74,"column":48}},"37":{"start":{"line":76,"column":8},"end":{"line":76,"column":80}},"38":{"start":{"line":79,"column":6},"end":{"line":79,"column":18}},"39":{"start":{"line":83,"column":4},"end":{"line":102,"column":5}},"40":{"start":{"line":84,"column":21},"end":{"line":84,"column":31}},"41":{"start":{"line":85,"column":24},"end":{"line":85,"column":47}},"42":{"start":{"line":86,"column":6},"end":{"line":88,"column":7}},"43":{"start":{"line":87,"column":8},"end":{"line":87,"column":41}},"44":{"start":{"line":89,"column":6},"end":{"line":89,"column":44}},"45":{"start":{"line":90,"column":22},"end":{"line":94,"column":7}},"46":{"start":{"line":95,"column":31},"end":{"line":95,"column":70}},"47":{"start":{"line":96,"column":6},"end":{"line":98,"column":7}},"48":{"start":{"line":97,"column":8},"end":{"line":97,"column":46}},"49":{"start":{"line":99,"column":6},"end":{"line":99,"column":79}},"50":{"start":{"line":101,"column":6},"end":{"line":101,"column":18}},"51":{"start":{"line":106,"column":0},"end":{"line":106,"column":32}}},"fnMap":{"0":{"name":"(anonymous_0)","decl":{"start":{"line":5,"column":2},"end":{"line":5,"column":3}},"loc":{"start":{"line":5,"column":43},"end":{"line":26,"column":3}},"line":5},"1":{"name":"(anonymous_1)","decl":{"start":{"line":27,"column":2},"end":{"line":27,"column":3}},"loc":{"start":{"line":27,"column":44},"end":{"line":40,"column":3}},"line":27},"2":{"name":"(anonymous_2)","decl":{"start":{"line":41,"column":2},"end":{"line":41,"column":3}},"loc":{"start":{"line":41,"column":40},"end":{"line":54,"column":3}},"line":41},"3":{"name":"(anonymous_3)","decl":{"start":{"line":55,"column":2},"end":{"line":55,"column":3}},"loc":{"start":{"line":55,"column":43},"end":{"line":81,"column":3}},"line":55},"4":{"name":"(anonymous_4)","decl":{"start":{"line":82,"column":2},"end":{"line":82,"column":3}},"loc":{"start":{"line":82,"column":43},"end":{"line":103,"column":3}},"line":82}},"branchMap":{"0":{"loc":{"start":{"line":15,"column":6},"end":{"line":17,"column":7}},"type":"if","locations":[{"start":{"line":15,"column":6},"end":{"line":17,"column":7}},{"start":{},"end":{}}],"line":15},"1":{"loc":{"start":{"line":32,"column":6},"end":{"line":36,"column":5}},"type":"if","locations":[{"start":{"line":32,"column":6},"end":{"line":36,"column":5}},{"start":{"line":34,"column":11},"end":{"line":36,"column":5}}],"line":32},"2":{"loc":{"start":{"line":47,"column":6},"end":{"line":49,"column":7}},"type":"if","locations":[{"start":{"line":47,"column":6},"end":{"line":49,"column":7}},{"start":{},"end":{}}],"line":47},"3":{"loc":{"start":{"line":60,"column":6},"end":{"line":62,"column":7}},"type":"if","locations":[{"start":{"line":60,"column":6},"end":{"line":62,"column":7}},{"start":{},"end":{}}],"line":60},"4":{"loc":{"start":{"line":64,"column":6},"end":{"line":77,"column":7}},"type":"if","locations":[{"start":{"line":64,"column":6},"end":{"line":77,"column":7}},{"start":{"line":66,"column":13},"end":{"line":77,"column":7}}],"line":64},"5":{"loc":{"start":{"line":73,"column":8},"end":{"line":75,"column":9}},"type":"if","locations":[{"start":{"line":73,"column":8},"end":{"line":75,"column":9}},{"start":{},"end":{}}],"line":73},"6":{"loc":{"start":{"line":86,"column":6},"end":{"line":88,"column":7}},"type":"if","locations":[{"start":{"line":86,"column":6},"end":{"line":88,"column":7}},{"start":{},"end":{}}],"line":86},"7":{"loc":{"start":{"line":96,"column":6},"end":{"line":98,"column":7}},"type":"if","locations":[{"start":{"line":96,"column":6},"end":{"line":98,"column":7}},{"start":{},"end":{}}],"line":96}},"s":{"0":2,"1":2,"2":0,"3":0,"4":0,"5":0,"6":0,"7":0,"8":0,"9":0,"10":0,"11":0,"12":0,"13":0,"14":0,"15":0,"16":0,"17":0,"18":0,"19":0,"20":0,"21":0,"22":0,"23":0,"24":0,"25":0,"26":0,"27":0,"28":0,"29":0,"30":0,"31":0,"32":0,"33":0,"34":0,"35":0,"36":0,"37":0,"38":0,"39":0,"40":0,"41":0,"42":0,"43":0,"44":0,"45":0,"46":0,"47":0,"48":0,"49":0,"50":0,"51":2},"f":{"0":0,"1":0,"2":0,"3":0,"4":0},"b":{"0":[0,0],"1":[0,0],"2":[0,0],"3":[0,0],"4":[0,0],"5":[0,0],"6":[0,0],"7":[0,0]},"_coverageSchema":"1a1c01bbd47fc00a2c39e90264f33305004495a9","hash":"7a23e08b38c2a253c5cf30690914c6f26a3fff42"}
,"/home/giffari/Documents/FP/Merchant-CMS/server/controllers/user.js": {"path":"/home/giffari/Documents/FP/Merchant-CMS/server/controllers/user.js","statementMap":{"0":{"start":{"line":1,"column":41},"end":{"line":1,"column":73}},"1":{"start":{"line":2,"column":20},"end":{"line":2,"column":57}},"2":{"start":{"line":3,"column":114},"end":{"line":3,"column":134}},"3":{"start":{"line":4,"column":15},"end":{"line":4,"column":35}},"4":{"start":{"line":5,"column":30},"end":{"line":5,"column":55}},"5":{"start":{"line":6,"column":35},"end":{"line":6,"column":63}},"6":{"start":{"line":7,"column":38},"end":{"line":7,"column":70}},"7":{"start":{"line":8,"column":0},"end":{"line":652,"column":2}},"8":{"start":{"line":13,"column":4},"end":{"line":54,"column":5}},"9":{"start":{"line":16,"column":43},"end":{"line":16,"column":52}},"10":{"start":{"line":17,"column":6},"end":{"line":17,"column":30}},"11":{"start":{"line":17,"column":21},"end":{"line":17,"column":30}},"12":{"start":{"line":18,"column":6},"end":{"line":18,"column":31}},"13":{"start":{"line":18,"column":21},"end":{"line":18,"column":31}},"14":{"start":{"line":19,"column":23},"end":{"line":26,"column":7}},"15":{"start":{"line":27,"column":6},"end":{"line":30,"column":7}},"16":{"start":{"line":28,"column":8},"end":{"line":28,"column":60}},"17":{"start":{"line":29,"column":8},"end":{"line":29,"column":63}},"18":{"start":{"line":31,"column":32},"end":{"line":31,"column":57}},"19":{"start":{"line":32,"column":23},"end":{"line":46,"column":8}},"20":{"start":{"line":47,"column":6},"end":{"line":49,"column":7}},"21":{"start":{"line":48,"column":8},"end":{"line":48,"column":41}},"22":{"start":{"line":50,"column":6},"end":{"line":50,"column":65}},"23":{"start":{"line":52,"column":6},"end":{"line":52,"column":31}},"24":{"start":{"line":53,"column":6},"end":{"line":53,"column":16}},"25":{"start":{"line":58,"column":4},"end":{"line":98,"column":5}},"26":{"start":{"line":59,"column":17},"end":{"line":59,"column":31}},"27":{"start":{"line":61,"column":19},"end":{"line":61,"column":42}},"28":{"start":{"line":62,"column":22},"end":{"line":62,"column":24}},"29":{"start":{"line":63,"column":6},"end":{"line":83,"column":7}},"30":{"start":{"line":64,"column":8},"end":{"line":69,"column":10}},"31":{"start":{"line":71,"column":8},"end":{"line":82,"column":10}},"32":{"start":{"line":85,"column":21},"end":{"line":90,"column":8}},"33":{"start":{"line":92,"column":6},"end":{"line":94,"column":7}},"34":{"start":{"line":93,"column":8},"end":{"line":93,"column":41}},"35":{"start":{"line":95,"column":6},"end":{"line":95,"column":35}},"36":{"start":{"line":97,"column":6},"end":{"line":97,"column":16}},"37":{"start":{"line":102,"column":4},"end":{"line":189,"column":5}},"38":{"start":{"line":108,"column":27},"end":{"line":108,"column":35}},"39":{"start":{"line":111,"column":19},"end":{"line":111,"column":32}},"40":{"start":{"line":115,"column":23},"end":{"line":122,"column":7}},"41":{"start":{"line":131,"column":6},"end":{"line":136,"column":7}},"42":{"start":{"line":133,"column":8},"end":{"line":135,"column":9}},"43":{"start":{"line":138,"column":6},"end":{"line":143,"column":7}},"44":{"start":{"line":139,"column":8},"end":{"line":142,"column":9}},"45":{"start":{"line":145,"column":6},"end":{"line":150,"column":7}},"46":{"start":{"line":146,"column":8},"end":{"line":149,"column":9}},"47":{"start":{"line":152,"column":23},"end":{"line":182,"column":8}},"48":{"start":{"line":183,"column":6},"end":{"line":185,"column":7}},"49":{"start":{"line":184,"column":8},"end":{"line":184,"column":41}},"50":{"start":{"line":186,"column":6},"end":{"line":186,"column":37}},"51":{"start":{"line":188,"column":6},"end":{"line":188,"column":18}},"52":{"start":{"line":193,"column":4},"end":{"line":278,"column":5}},"53":{"start":{"line":199,"column":27},"end":{"line":199,"column":35}},"54":{"start":{"line":202,"column":19},"end":{"line":202,"column":32}},"55":{"start":{"line":206,"column":23},"end":{"line":213,"column":7}},"56":{"start":{"line":223,"column":6},"end":{"line":229,"column":7}},"57":{"start":{"line":225,"column":8},"end":{"line":228,"column":9}},"58":{"start":{"line":232,"column":6},"end":{"line":244,"column":7}},"59":{"start":{"line":233,"column":21},"end":{"line":237,"column":10}},"60":{"start":{"line":238,"column":8},"end":{"line":238,"column":39}},"61":{"start":{"line":238,"column":33},"end":{"line":238,"column":37}},"62":{"start":{"line":239,"column":8},"end":{"line":243,"column":9}},"63":{"start":{"line":246,"column":23},"end":{"line":271,"column":8}},"64":{"start":{"line":272,"column":6},"end":{"line":274,"column":7}},"65":{"start":{"line":273,"column":8},"end":{"line":273,"column":41}},"66":{"start":{"line":275,"column":6},"end":{"line":275,"column":37}},"67":{"start":{"line":277,"column":6},"end":{"line":277,"column":18}},"68":{"start":{"line":282,"column":4},"end":{"line":394,"column":5}},"69":{"start":{"line":288,"column":27},"end":{"line":288,"column":35}},"70":{"start":{"line":291,"column":19},"end":{"line":291,"column":32}},"71":{"start":{"line":295,"column":23},"end":{"line":302,"column":7}},"72":{"start":{"line":311,"column":6},"end":{"line":316,"column":7}},"73":{"start":{"line":313,"column":8},"end":{"line":315,"column":9}},"74":{"start":{"line":318,"column":6},"end":{"line":323,"column":7}},"75":{"start":{"line":319,"column":8},"end":{"line":322,"column":9}},"76":{"start":{"line":325,"column":6},"end":{"line":330,"column":7}},"77":{"start":{"line":326,"column":8},"end":{"line":329,"column":9}},"78":{"start":{"line":332,"column":23},"end":{"line":387,"column":8}},"79":{"start":{"line":388,"column":6},"end":{"line":390,"column":7}},"80":{"start":{"line":389,"column":8},"end":{"line":389,"column":41}},"81":{"start":{"line":391,"column":6},"end":{"line":391,"column":37}},"82":{"start":{"line":393,"column":6},"end":{"line":393,"column":18}},"83":{"start":{"line":398,"column":14},"end":{"line":398,"column":43}},"84":{"start":{"line":399,"column":4},"end":{"line":479,"column":5}},"85":{"start":{"line":414,"column":10},"end":{"line":414,"column":18}},"86":{"start":{"line":417,"column":6},"end":{"line":422,"column":7}},"87":{"start":{"line":418,"column":8},"end":{"line":421,"column":9}},"88":{"start":{"line":425,"column":32},"end":{"line":425,"column":36}},"89":{"start":{"line":426,"column":6},"end":{"line":432,"column":7}},"90":{"start":{"line":427,"column":8},"end":{"line":431,"column":31}},"91":{"start":{"line":435,"column":30},"end":{"line":441,"column":28}},"92":{"start":{"line":446,"column":6},"end":{"line":459,"column":7}},"93":{"start":{"line":447,"column":8},"end":{"line":458,"column":31}},"94":{"start":{"line":474,"column":6},"end":{"line":474,"column":23}},"95":{"start":{"line":475,"column":6},"end":{"line":475,"column":67}},"96":{"start":{"line":477,"column":6},"end":{"line":477,"column":25}},"97":{"start":{"line":478,"column":6},"end":{"line":478,"column":18}},"98":{"start":{"line":483,"column":14},"end":{"line":483,"column":43}},"99":{"start":{"line":484,"column":4},"end":{"line":514,"column":5}},"100":{"start":{"line":485,"column":17},"end":{"line":485,"column":30}},"101":{"start":{"line":486,"column":40},"end":{"line":486,"column":48}},"102":{"start":{"line":487,"column":23},"end":{"line":490,"column":7}},"103":{"start":{"line":491,"column":21},"end":{"line":491,"column":44}},"104":{"start":{"line":492,"column":6},"end":{"line":494,"column":7}},"105":{"start":{"line":493,"column":8},"end":{"line":493,"column":41}},"106":{"start":{"line":495,"column":21},"end":{"line":498,"column":8}},"107":{"start":{"line":499,"column":22},"end":{"line":503,"column":7}},"108":{"start":{"line":504,"column":31},"end":{"line":504,"column":70}},"109":{"start":{"line":505,"column":6},"end":{"line":507,"column":7}},"110":{"start":{"line":506,"column":8},"end":{"line":506,"column":45}},"111":{"start":{"line":508,"column":6},"end":{"line":508,"column":23}},"112":{"start":{"line":509,"column":6},"end":{"line":509,"column":67}},"113":{"start":{"line":511,"column":6},"end":{"line":511,"column":25}},"114":{"start":{"line":512,"column":6},"end":{"line":512,"column":23}},"115":{"start":{"line":513,"column":6},"end":{"line":513,"column":16}},"116":{"start":{"line":518,"column":14},"end":{"line":518,"column":43}},"117":{"start":{"line":519,"column":4},"end":{"line":540,"column":5}},"118":{"start":{"line":520,"column":17},"end":{"line":520,"column":30}},"119":{"start":{"line":521,"column":23},"end":{"line":521,"column":46}},"120":{"start":{"line":522,"column":6},"end":{"line":524,"column":7}},"121":{"start":{"line":523,"column":8},"end":{"line":523,"column":41}},"122":{"start":{"line":525,"column":18},"end":{"line":525,"column":71}},"123":{"start":{"line":535,"column":6},"end":{"line":535,"column":23}},"124":{"start":{"line":536,"column":6},"end":{"line":536,"column":67}},"125":{"start":{"line":538,"column":6},"end":{"line":538,"column":25}},"126":{"start":{"line":539,"column":6},"end":{"line":539,"column":18}},"127":{"start":{"line":544,"column":14},"end":{"line":544,"column":43}},"128":{"start":{"line":546,"column":4},"end":{"line":568,"column":5}},"129":{"start":{"line":547,"column":17},"end":{"line":547,"column":30}},"130":{"start":{"line":548,"column":23},"end":{"line":548,"column":46}},"131":{"start":{"line":549,"column":6},"end":{"line":551,"column":7}},"132":{"start":{"line":550,"column":8},"end":{"line":550,"column":41}},"133":{"start":{"line":552,"column":18},"end":{"line":552,"column":88}},"134":{"start":{"line":553,"column":22},"end":{"line":557,"column":7}},"135":{"start":{"line":558,"column":31},"end":{"line":558,"column":74}},"136":{"start":{"line":559,"column":6},"end":{"line":561,"column":7}},"137":{"start":{"line":560,"column":8},"end":{"line":560,"column":45}},"138":{"start":{"line":562,"column":6},"end":{"line":562,"column":23}},"139":{"start":{"line":563,"column":6},"end":{"line":563,"column":67}},"140":{"start":{"line":565,"column":6},"end":{"line":565,"column":25}},"141":{"start":{"line":566,"column":6},"end":{"line":566,"column":23}},"142":{"start":{"line":567,"column":6},"end":{"line":567,"column":16}},"143":{"start":{"line":572,"column":4},"end":{"line":616,"column":5}},"144":{"start":{"line":573,"column":21},"end":{"line":573,"column":31}},"145":{"start":{"line":577,"column":19},"end":{"line":584,"column":8}},"146":{"start":{"line":587,"column":23},"end":{"line":591,"column":8}},"147":{"start":{"line":596,"column":20},"end":{"line":599,"column":8}},"148":{"start":{"line":601,"column":17},"end":{"line":601,"column":68}},"149":{"start":{"line":602,"column":6},"end":{"line":613,"column":9}},"150":{"start":{"line":603,"column":8},"end":{"line":612,"column":9}},"151":{"start":{"line":604,"column":10},"end":{"line":606,"column":11}},"152":{"start":{"line":608,"column":10},"end":{"line":608,"column":56}},"153":{"start":{"line":609,"column":10},"end":{"line":611,"column":13}},"154":{"start":{"line":615,"column":6},"end":{"line":615,"column":18}},"155":{"start":{"line":621,"column":4},"end":{"line":650,"column":5}},"156":{"start":{"line":622,"column":21},"end":{"line":622,"column":32}},"157":{"start":{"line":623,"column":57},"end":{"line":623,"column":65}},"158":{"start":{"line":624,"column":23},"end":{"line":624,"column":56}},"159":{"start":{"line":625,"column":6},"end":{"line":629,"column":7}},"160":{"start":{"line":626,"column":8},"end":{"line":628,"column":9}},"161":{"start":{"line":630,"column":6},"end":{"line":647,"column":7}},"162":{"start":{"line":631,"column":8},"end":{"line":635,"column":9}},"163":{"start":{"line":632,"column":10},"end":{"line":634,"column":12}},"164":{"start":{"line":636,"column":21},"end":{"line":636,"column":52}},"165":{"start":{"line":637,"column":8},"end":{"line":639,"column":11}},"166":{"start":{"line":640,"column":8},"end":{"line":642,"column":11}},"167":{"start":{"line":644,"column":8},"end":{"line":646,"column":9}},"168":{"start":{"line":649,"column":6},"end":{"line":649,"column":18}}},"fnMap":{"0":{"name":"(anonymous_0)","decl":{"start":{"line":12,"column":2},"end":{"line":12,"column":3}},"loc":{"start":{"line":12,"column":40},"end":{"line":55,"column":3}},"line":12},"1":{"name":"(anonymous_1)","decl":{"start":{"line":57,"column":2},"end":{"line":57,"column":3}},"loc":{"start":{"line":57,"column":39},"end":{"line":99,"column":3}},"line":57},"2":{"name":"(anonymous_2)","decl":{"start":{"line":101,"column":2},"end":{"line":101,"column":3}},"loc":{"start":{"line":101,"column":47},"end":{"line":190,"column":3}},"line":101},"3":{"name":"(anonymous_3)","decl":{"start":{"line":192,"column":2},"end":{"line":192,"column":3}},"loc":{"start":{"line":192,"column":47},"end":{"line":279,"column":3}},"line":192},"4":{"name":"(anonymous_4)","decl":{"start":{"line":238,"column":28},"end":{"line":238,"column":29}},"loc":{"start":{"line":238,"column":33},"end":{"line":238,"column":37}},"line":238},"5":{"name":"(anonymous_5)","decl":{"start":{"line":281,"column":2},"end":{"line":281,"column":3}},"loc":{"start":{"line":281,"column":53},"end":{"line":395,"column":3}},"line":281},"6":{"name":"(anonymous_6)","decl":{"start":{"line":397,"column":2},"end":{"line":397,"column":3}},"loc":{"start":{"line":397,"column":42},"end":{"line":480,"column":3}},"line":397},"7":{"name":"(anonymous_7)","decl":{"start":{"line":482,"column":2},"end":{"line":482,"column":3}},"loc":{"start":{"line":482,"column":42},"end":{"line":515,"column":3}},"line":482},"8":{"name":"(anonymous_8)","decl":{"start":{"line":517,"column":2},"end":{"line":517,"column":3}},"loc":{"start":{"line":517,"column":46},"end":{"line":541,"column":3}},"line":517},"9":{"name":"(anonymous_9)","decl":{"start":{"line":543,"column":2},"end":{"line":543,"column":3}},"loc":{"start":{"line":543,"column":46},"end":{"line":569,"column":3}},"line":543},"10":{"name":"(anonymous_10)","decl":{"start":{"line":571,"column":2},"end":{"line":571,"column":3}},"loc":{"start":{"line":571,"column":49},"end":{"line":617,"column":3}},"line":571},"11":{"name":"(anonymous_11)","decl":{"start":{"line":602,"column":61},"end":{"line":602,"column":62}},"loc":{"start":{"line":602,"column":72},"end":{"line":613,"column":7}},"line":602},"12":{"name":"(anonymous_12)","decl":{"start":{"line":620,"column":2},"end":{"line":620,"column":3}},"loc":{"start":{"line":620,"column":49},"end":{"line":651,"column":3}},"line":620}},"branchMap":{"0":{"loc":{"start":{"line":17,"column":6},"end":{"line":17,"column":30}},"type":"if","locations":[{"start":{"line":17,"column":6},"end":{"line":17,"column":30}},{"start":{},"end":{}}],"line":17},"1":{"loc":{"start":{"line":18,"column":6},"end":{"line":18,"column":31}},"type":"if","locations":[{"start":{"line":18,"column":6},"end":{"line":18,"column":31}},{"start":{},"end":{}}],"line":18},"2":{"loc":{"start":{"line":27,"column":6},"end":{"line":30,"column":7}},"type":"if","locations":[{"start":{"line":27,"column":6},"end":{"line":30,"column":7}},{"start":{},"end":{}}],"line":27},"3":{"loc":{"start":{"line":47,"column":6},"end":{"line":49,"column":7}},"type":"if","locations":[{"start":{"line":47,"column":6},"end":{"line":49,"column":7}},{"start":{},"end":{}}],"line":47},"4":{"loc":{"start":{"line":63,"column":6},"end":{"line":83,"column":7}},"type":"if","locations":[{"start":{"line":63,"column":6},"end":{"line":83,"column":7}},{"start":{"line":70,"column":13},"end":{"line":83,"column":7}}],"line":63},"5":{"loc":{"start":{"line":92,"column":6},"end":{"line":94,"column":7}},"type":"if","locations":[{"start":{"line":92,"column":6},"end":{"line":94,"column":7}},{"start":{},"end":{}}],"line":92},"6":{"loc":{"start":{"line":131,"column":6},"end":{"line":136,"column":7}},"type":"if","locations":[{"start":{"line":131,"column":6},"end":{"line":136,"column":7}},{"start":{},"end":{}}],"line":131},"7":{"loc":{"start":{"line":131,"column":10},"end":{"line":131,"column":66}},"type":"binary-expr","locations":[{"start":{"line":131,"column":10},"end":{"line":131,"column":26}},{"start":{"line":131,"column":31},"end":{"line":131,"column":40}},{"start":{"line":131,"column":44},"end":{"line":131,"column":65}}],"line":131},"8":{"loc":{"start":{"line":138,"column":6},"end":{"line":143,"column":7}},"type":"if","locations":[{"start":{"line":138,"column":6},"end":{"line":143,"column":7}},{"start":{},"end":{}}],"line":138},"9":{"loc":{"start":{"line":138,"column":10},"end":{"line":138,"column":46}},"type":"binary-expr","locations":[{"start":{"line":138,"column":10},"end":{"line":138,"column":26}},{"start":{"line":138,"column":30},"end":{"line":138,"column":46}}],"line":138},"10":{"loc":{"start":{"line":145,"column":6},"end":{"line":150,"column":7}},"type":"if","locations":[{"start":{"line":145,"column":6},"end":{"line":150,"column":7}},{"start":{},"end":{}}],"line":145},"11":{"loc":{"start":{"line":145,"column":10},"end":{"line":145,"column":50}},"type":"binary-expr","locations":[{"start":{"line":145,"column":10},"end":{"line":145,"column":26}},{"start":{"line":145,"column":30},"end":{"line":145,"column":50}}],"line":145},"12":{"loc":{"start":{"line":183,"column":6},"end":{"line":185,"column":7}},"type":"if","locations":[{"start":{"line":183,"column":6},"end":{"line":185,"column":7}},{"start":{},"end":{}}],"line":183},"13":{"loc":{"start":{"line":223,"column":6},"end":{"line":229,"column":7}},"type":"if","locations":[{"start":{"line":223,"column":6},"end":{"line":229,"column":7}},{"start":{},"end":{}}],"line":223},"14":{"loc":{"start":{"line":223,"column":10},"end":{"line":223,"column":86}},"type":"binary-expr","locations":[{"start":{"line":223,"column":10},"end":{"line":223,"column":26}},{"start":{"line":223,"column":31},"end":{"line":223,"column":40}},{"start":{"line":223,"column":44},"end":{"line":223,"column":65}},{"start":{"line":223,"column":69},"end":{"line":223,"column":85}}],"line":223},"15":{"loc":{"start":{"line":232,"column":6},"end":{"line":244,"column":7}},"type":"if","locations":[{"start":{"line":232,"column":6},"end":{"line":244,"column":7}},{"start":{},"end":{}}],"line":232},"16":{"loc":{"start":{"line":232,"column":10},"end":{"line":232,"column":50}},"type":"binary-expr","locations":[{"start":{"line":232,"column":10},"end":{"line":232,"column":30}},{"start":{"line":232,"column":34},"end":{"line":232,"column":50}}],"line":232},"17":{"loc":{"start":{"line":272,"column":6},"end":{"line":274,"column":7}},"type":"if","locations":[{"start":{"line":272,"column":6},"end":{"line":274,"column":7}},{"start":{},"end":{}}],"line":272},"18":{"loc":{"start":{"line":311,"column":6},"end":{"line":316,"column":7}},"type":"if","locations":[{"start":{"line":311,"column":6},"end":{"line":316,"column":7}},{"start":{},"end":{}}],"line":311},"19":{"loc":{"start":{"line":311,"column":10},"end":{"line":311,"column":66}},"type":"binary-expr","locations":[{"start":{"line":311,"column":10},"end":{"line":311,"column":26}},{"start":{"line":311,"column":31},"end":{"line":311,"column":40}},{"start":{"line":311,"column":44},"end":{"line":311,"column":65}}],"line":311},"20":{"loc":{"start":{"line":318,"column":6},"end":{"line":323,"column":7}},"type":"if","locations":[{"start":{"line":318,"column":6},"end":{"line":323,"column":7}},{"start":{},"end":{}}],"line":318},"21":{"loc":{"start":{"line":318,"column":10},"end":{"line":318,"column":46}},"type":"binary-expr","locations":[{"start":{"line":318,"column":10},"end":{"line":318,"column":26}},{"start":{"line":318,"column":30},"end":{"line":318,"column":46}}],"line":318},"22":{"loc":{"start":{"line":325,"column":6},"end":{"line":330,"column":7}},"type":"if","locations":[{"start":{"line":325,"column":6},"end":{"line":330,"column":7}},{"start":{},"end":{}}],"line":325},"23":{"loc":{"start":{"line":325,"column":10},"end":{"line":325,"column":50}},"type":"binary-expr","locations":[{"start":{"line":325,"column":10},"end":{"line":325,"column":26}},{"start":{"line":325,"column":30},"end":{"line":325,"column":50}}],"line":325},"24":{"loc":{"start":{"line":388,"column":6},"end":{"line":390,"column":7}},"type":"if","locations":[{"start":{"line":388,"column":6},"end":{"line":390,"column":7}},{"start":{},"end":{}}],"line":388},"25":{"loc":{"start":{"line":417,"column":6},"end":{"line":422,"column":7}},"type":"if","locations":[{"start":{"line":417,"column":6},"end":{"line":422,"column":7}},{"start":{},"end":{}}],"line":417},"26":{"loc":{"start":{"line":417,"column":10},"end":{"line":417,"column":62}},"type":"binary-expr","locations":[{"start":{"line":417,"column":10},"end":{"line":417,"column":34}},{"start":{"line":417,"column":38},"end":{"line":417,"column":62}}],"line":417},"27":{"loc":{"start":{"line":426,"column":6},"end":{"line":432,"column":7}},"type":"if","locations":[{"start":{"line":426,"column":6},"end":{"line":432,"column":7}},{"start":{},"end":{}}],"line":426},"28":{"loc":{"start":{"line":440,"column":21},"end":{"line":440,"column":52}},"type":"binary-expr","locations":[{"start":{"line":440,"column":21},"end":{"line":440,"column":44}},{"start":{"line":440,"column":48},"end":{"line":440,"column":52}}],"line":440},"29":{"loc":{"start":{"line":446,"column":6},"end":{"line":459,"column":7}},"type":"if","locations":[{"start":{"line":446,"column":6},"end":{"line":459,"column":7}},{"start":{},"end":{}}],"line":446},"30":{"loc":{"start":{"line":492,"column":6},"end":{"line":494,"column":7}},"type":"if","locations":[{"start":{"line":492,"column":6},"end":{"line":494,"column":7}},{"start":{},"end":{}}],"line":492},"31":{"loc":{"start":{"line":502,"column":17},"end":{"line":502,"column":41}},"type":"binary-expr","locations":[{"start":{"line":502,"column":17},"end":{"line":502,"column":28}},{"start":{"line":502,"column":32},"end":{"line":502,"column":41}}],"line":502},"32":{"loc":{"start":{"line":505,"column":6},"end":{"line":507,"column":7}},"type":"if","locations":[{"start":{"line":505,"column":6},"end":{"line":507,"column":7}},{"start":{},"end":{}}],"line":505},"33":{"loc":{"start":{"line":522,"column":6},"end":{"line":524,"column":7}},"type":"if","locations":[{"start":{"line":522,"column":6},"end":{"line":524,"column":7}},{"start":{},"end":{}}],"line":522},"34":{"loc":{"start":{"line":549,"column":6},"end":{"line":551,"column":7}},"type":"if","locations":[{"start":{"line":549,"column":6},"end":{"line":551,"column":7}},{"start":{},"end":{}}],"line":549},"35":{"loc":{"start":{"line":559,"column":6},"end":{"line":561,"column":7}},"type":"if","locations":[{"start":{"line":559,"column":6},"end":{"line":561,"column":7}},{"start":{},"end":{}}],"line":559},"36":{"loc":{"start":{"line":603,"column":8},"end":{"line":612,"column":9}},"type":"if","locations":[{"start":{"line":603,"column":8},"end":{"line":612,"column":9}},{"start":{"line":607,"column":14},"end":{"line":612,"column":9}}],"line":603},"37":{"loc":{"start":{"line":625,"column":6},"end":{"line":629,"column":7}},"type":"if","locations":[{"start":{"line":625,"column":6},"end":{"line":629,"column":7}},{"start":{},"end":{}}],"line":625},"38":{"loc":{"start":{"line":630,"column":6},"end":{"line":647,"column":7}},"type":"if","locations":[{"start":{"line":630,"column":6},"end":{"line":647,"column":7}},{"start":{"line":643,"column":13},"end":{"line":647,"column":7}}],"line":630},"39":{"loc":{"start":{"line":631,"column":8},"end":{"line":635,"column":9}},"type":"if","locations":[{"start":{"line":631,"column":8},"end":{"line":635,"column":9}},{"start":{},"end":{}}],"line":631}},"s":{"0":2,"1":2,"2":2,"3":2,"4":2,"5":2,"6":2,"7":2,"8":0,"9":0,"10":0,"11":0,"12":0,"13":0,"14":0,"15":0,"16":0,"17":0,"18":0,"19":0,"20":0,"21":0,"22":0,"23":0,"24":0,"25":0,"26":0,"27":0,"28":0,"29":0,"30":0,"31":0,"32":0,"33":0,"34":0,"35":0,"36":0,"37":0,"38":0,"39":0,"40":0,"41":0,"42":0,"43":0,"44":0,"45":0,"46":0,"47":0,"48":0,"49":0,"50":0,"51":0,"52":0,"53":0,"54":0,"55":0,"56":0,"57":0,"58":0,"59":0,"60":0,"61":0,"62":0,"63":0,"64":0,"65":0,"66":0,"67":0,"68":0,"69":0,"70":0,"71":0,"72":0,"73":0,"74":0,"75":0,"76":0,"77":0,"78":0,"79":0,"80":0,"81":0,"82":0,"83":0,"84":0,"85":0,"86":0,"87":0,"88":0,"89":0,"90":0,"91":0,"92":0,"93":0,"94":0,"95":0,"96":0,"97":0,"98":0,"99":0,"100":0,"101":0,"102":0,"103":0,"104":0,"105":0,"106":0,"107":0,"108":0,"109":0,"110":0,"111":0,"112":0,"113":0,"114":0,"115":0,"116":0,"117":0,"118":0,"119":0,"120":0,"121":0,"122":0,"123":0,"124":0,"125":0,"126":0,"127":0,"128":0,"129":0,"130":0,"131":0,"132":0,"133":0,"134":0,"135":0,"136":0,"137":0,"138":0,"139":0,"140":0,"141":0,"142":0,"143":0,"144":0,"145":0,"146":0,"147":0,"148":0,"149":0,"150":0,"151":0,"152":0,"153":0,"154":0,"155":0,"156":0,"157":0,"158":0,"159":0,"160":0,"161":0,"162":0,"163":0,"164":0,"165":0,"166":0,"167":0,"168":0},"f":{"0":0,"1":0,"2":0,"3":0,"4":0,"5":0,"6":0,"7":0,"8":0,"9":0,"10":0,"11":0,"12":0},"b":{"0":[0,0],"1":[0,0],"2":[0,0],"3":[0,0],"4":[0,0],"5":[0,0],"6":[0,0],"7":[0,0,0],"8":[0,0],"9":[0,0],"10":[0,0],"11":[0,0],"12":[0,0],"13":[0,0],"14":[0,0,0,0],"15":[0,0],"16":[0,0],"17":[0,0],"18":[0,0],"19":[0,0,0],"20":[0,0],"21":[0,0],"22":[0,0],"23":[0,0],"24":[0,0],"25":[0,0],"26":[0,0],"27":[0,0],"28":[0,0],"29":[0,0],"30":[0,0],"31":[0,0],"32":[0,0],"33":[0,0],"34":[0,0],"35":[0,0],"36":[0,0],"37":[0,0],"38":[0,0],"39":[0,0]},"_coverageSchema":"1a1c01bbd47fc00a2c39e90264f33305004495a9","hash":"cfea40072015c12a58891b96c04ef8fb08645f4e"}
,"/home/giffari/Documents/FP/Merchant-CMS/server/controllers/userGroups.js": {"path":"/home/giffari/Documents/FP/Merchant-CMS/server/controllers/userGroups.js","statementMap":{"0":{"start":{"line":1,"column":40},"end":{"line":1,"column":60}},"1":{"start":{"line":5,"column":4},"end":{"line":29,"column":5}},"2":{"start":{"line":6,"column":40},"end":{"line":6,"column":48}},"3":{"start":{"line":7,"column":24},"end":{"line":7,"column":52}},"4":{"start":{"line":8,"column":27},"end":{"line":8,"column":65}},"5":{"start":{"line":9,"column":6},"end":{"line":11,"column":7}},"6":{"start":{"line":10,"column":8},"end":{"line":10,"column":41}},"7":{"start":{"line":12,"column":6},"end":{"line":14,"column":7}},"8":{"start":{"line":13,"column":8},"end":{"line":13,"column":46}},"9":{"start":{"line":15,"column":19},"end":{"line":15,"column":69}},"10":{"start":{"line":16,"column":22},"end":{"line":20,"column":7}},"11":{"start":{"line":21,"column":31},"end":{"line":21,"column":75}},"12":{"start":{"line":22,"column":6},"end":{"line":24,"column":7}},"13":{"start":{"line":23,"column":8},"end":{"line":23,"column":46}},"14":{"start":{"line":25,"column":6},"end":{"line":25,"column":69}},"15":{"start":{"line":27,"column":6},"end":{"line":27,"column":34}},"16":{"start":{"line":28,"column":6},"end":{"line":28,"column":18}},"17":{"start":{"line":32,"column":4},"end":{"line":54,"column":5}},"18":{"start":{"line":33,"column":19},"end":{"line":46,"column":8}},"19":{"start":{"line":47,"column":6},"end":{"line":51,"column":7}},"20":{"start":{"line":48,"column":8},"end":{"line":48,"column":63}},"21":{"start":{"line":50,"column":8},"end":{"line":50,"column":35}},"22":{"start":{"line":53,"column":6},"end":{"line":53,"column":18}},"23":{"start":{"line":57,"column":4},"end":{"line":80,"column":5}},"24":{"start":{"line":58,"column":21},"end":{"line":58,"column":31}},"25":{"start":{"line":59,"column":19},"end":{"line":73,"column":8}},"26":{"start":{"line":74,"column":6},"end":{"line":76,"column":7}},"27":{"start":{"line":75,"column":8},"end":{"line":75,"column":46}},"28":{"start":{"line":77,"column":6},"end":{"line":77,"column":33}},"29":{"start":{"line":79,"column":6},"end":{"line":79,"column":18}},"30":{"start":{"line":83,"column":4},"end":{"line":112,"column":5}},"31":{"start":{"line":84,"column":21},"end":{"line":84,"column":31}},"32":{"start":{"line":85,"column":40},"end":{"line":85,"column":48}},"33":{"start":{"line":86,"column":29},"end":{"line":86,"column":58}},"34":{"start":{"line":87,"column":6},"end":{"line":89,"column":7}},"35":{"start":{"line":88,"column":8},"end":{"line":88,"column":46}},"36":{"start":{"line":90,"column":19},"end":{"line":93,"column":7}},"37":{"start":{"line":94,"column":6},"end":{"line":109,"column":7}},"38":{"start":{"line":95,"column":8},"end":{"line":95,"column":77}},"39":{"start":{"line":97,"column":24},"end":{"line":101,"column":9}},"40":{"start":{"line":102,"column":33},"end":{"line":102,"column":77}},"41":{"start":{"line":103,"column":8},"end":{"line":105,"column":9}},"42":{"start":{"line":104,"column":10},"end":{"line":104,"column":48}},"43":{"start":{"line":106,"column":8},"end":{"line":108,"column":74}},"44":{"start":{"line":111,"column":6},"end":{"line":111,"column":18}},"45":{"start":{"line":115,"column":4},"end":{"line":136,"column":5}},"46":{"start":{"line":116,"column":21},"end":{"line":116,"column":31}},"47":{"start":{"line":117,"column":29},"end":{"line":117,"column":58}},"48":{"start":{"line":118,"column":6},"end":{"line":120,"column":7}},"49":{"start":
[...]
6},"end":{"line":183,"column":21}},{"start":{"line":183,"column":25},"end":{"line":183,"column":41}}],"line":183},"10":{"loc":{"start":{"line":187,"column":12},"end":{"line":190,"column":13}},"type":"if","locations":[{"start":{"line":187,"column":12},"end":{"line":190,"column":13}},{"start":{},"end":{}}],"line":187},"11":{"loc":{"start":{"line":187,"column":16},"end":{"line":187,"column":40}},"type":"binary-expr","locations":[{"start":{"line":187,"column":16},"end":{"line":187,"column":22}},{"start":{"line":187,"column":26},"end":{"line":187,"column":40}}],"line":187},"12":{"loc":{"start":{"line":198,"column":12},"end":{"line":201,"column":13}},"type":"if","locations":[{"start":{"line":198,"column":12},"end":{"line":201,"column":13}},{"start":{},"end":{}}],"line":198},"13":{"loc":{"start":{"line":198,"column":16},"end":{"line":198,"column":49}},"type":"binary-expr","locations":[{"start":{"line":198,"column":16},"end":{"line":198,"column":22}},{"start":{"line":198,"column":26},"end":{"line":198,"column":49}}],"line":198},"14":{"loc":{"start":{"line":215,"column":29},"end":{"line":215,"column":53}},"type":"binary-expr","locations":[{"start":{"line":215,"column":29},"end":{"line":215,"column":45}},{"start":{"line":215,"column":49},"end":{"line":215,"column":53}}],"line":215},"15":{"loc":{"start":{"line":216,"column":36},"end":{"line":216,"column":67}},"type":"binary-expr","locations":[{"start":{"line":216,"column":36},"end":{"line":216,"column":59}},{"start":{"line":216,"column":63},"end":{"line":216,"column":67}}],"line":216},"16":{"loc":{"start":{"line":217,"column":27},"end":{"line":217,"column":49}},"type":"binary-expr","locations":[{"start":{"line":217,"column":27},"end":{"line":217,"column":41}},{"start":{"line":217,"column":45},"end":{"line":217,"column":49}}],"line":217}},"s":{"0":2,"1":2,"2":2,"3":2,"4":2,"5":2,"6":2,"7":2,"8":2,"9":0,"10":0,"11":0,"12":0,"13":0,"14":0,"15":0,"16":0,"17":0,"18":0,"19":0,"20":0,"21":0,"22":0,"23":0,"24":0,"25":0,"26":0,"27":0,"28":2},"f":{"0":2,"1":2,"2":0,"3":0,"4":0,"5":0,"6":0,"7":0},"b":{"0":[0,0],"1":[0,0],"2":[0,0],"3":[0,0],"4":[0,0],"5":[0,0],"6":[0,0],"7":[0,0],"8":[0,0],"9":[0,0],"10":[0,0],"11":[0,0],"12":[0,0],"13":[0,0],"14":[0,0],"15":[0,0],"16":[0,0]},"_coverageSchema":"1a1c01bbd47fc00a2c39e90264f33305004495a9","hash":"ba5333d4188b6105b06bcfb2ad9ee06dced8422a"}
,"/home/giffari/Documents/FP/Merchant-CMS/server/models/privilege.js": {"path":"/home/giffari/Documents/FP/Merchant-CMS/server/models/privilege.js","statementMap":{"0":{"start":{"line":2,"column":18},"end":{"line":2,"column":38}},"1":{"start":{"line":4,"column":0},"end":{"line":48,"column":2}},"2":{"start":{"line":13,"column":6},"end":{"line":16,"column":9}},"3":{"start":{"line":19,"column":2},"end":{"line":46,"column":4}},"4":{"start":{"line":47,"column":2},"end":{"line":47,"column":19}}},"fnMap":{"0":{"name":"(anonymous_0)","decl":{"start":{"line":4,"column":17},"end":{"line":4,"column":18}},"loc":{"start":{"line":4,"column":43},"end":{"line":48,"column":1}},"line":4},"1":{"name":"(anonymous_1)","decl":{"start":{"line":11,"column":4},"end":{"line":11,"column":5}},"loc":{"start":{"line":11,"column":29},"end":{"line":17,"column":5}},"line":11}},"branchMap":{},"s":{"0":2,"1":2,"2":2,"3":2,"4":2},"f":{"0":2,"1":2},"b":{},"_coverageSchema":"1a1c01bbd47fc00a2c39e90264f33305004495a9","hash":"3c1deeda92bd8c8a11189f246a0e2f759a9a512f"}
,"/home/giffari/Documents/FP/Merchant-CMS/server/models/province.js": {"path":"/home/giffari/Documents/FP/Merchant-CMS/server/models/province.js","statementMap":{"0":{"start":{"line":2,"column":18},"end":{"line":2,"column":38}},"1":{"start":{"line":3,"column":0},"end":{"line":46,"column":2}},"2":{"start":{"line":12,"column":6},"end":{"line":14,"column":9}},"3":{"start":{"line":17,"column":2},"end":{"line":44,"column":4}},"4":{"start":{"line":45,"column":2},"end":{"line":45,"column":18}}},"fnMap":{"0":{"name":"(anonymous_0)","decl":{"start":{"line":3,"column":17},"end":{"line":3,"column":18}},"loc":{"start":{"line":3,"column":43},"end":{"line":46,"column":1}},"line":3},"1":{"name":"(anonymous_1)","decl":{"start":{"line":10,"column":4},"end":{"line":10,"column":5}},"loc":{"start":{"line":10,"column":29},"end":{"line":15,"column":5}},"line":10}},"branchMap":{},"s":{"0":2,"1":2,"2":2,"3":2,"4":2},"f":{"0":2,"1":2},"b":{},"_coverageSchema":"1a1c01bbd47fc00a2c39e90264f33305004495a9","hash":"33206e554126abb05873ffab834b124549399016"}
,"/home/giffari/Documents/FP/Merchant-CMS/server/models/role.js": {"path":"/home/giffari/Documents/FP/Merchant-CMS/server/models/role.js","statementMap":{"0":{"start":{"line":2,"column":18},"end":{"line":2,"column":38}},"1":{"start":{"line":4,"column":0},"end":{"line":60,"column":2}},"2":{"start":{"line":13,"column":6},"end":{"line":16,"column":8}},"3":{"start":{"line":19,"column":2},"end":{"line":58,"column":4}},"4":{"start":{"line":59,"column":2},"end":{"line":59,"column":14}}},"fnMap":{"0":{"name":"(anonymous_0)","decl":{"start":{"line":4,"column":17},"end":{"line":4,"column":18}},"loc":{"start":{"line":4,"column":43},"end":{"line":60,"column":1}},"line":4},"1":{"name":"(anonymous_1)","decl":{"start":{"line":11,"column":4},"end":{"line":11,"column":5}},"loc":{"start":{"line":11,"column":29},"end":{"line":17,"column":5}},"line":11}},"branchMap":{},"s":{"0":2,"1":2,"2":2,"3":2,"4":2},"f":{"0":2,"1":2},"b":{},"_coverageSchema":"1a1c01bbd47fc00a2c39e90264f33305004495a9","hash":"f214b6991abbc891123661952bb54220652692ce"}
,"/home/giffari/Documents/FP/Merchant-CMS/server/models/user.js": {"path":"/home/giffari/Documents/FP/Merchant-CMS/server/models/user.js","statementMap":{"0":{"start":{"line":2,"column":18},"end":{"line":2,"column":38}},"1":{"start":{"line":3,"column":20},"end":{"line":3,"column":48}},"2":{"start":{"line":5,"column":0},"end":{"line":114,"column":2}},"3":{"start":{"line":14,"column":6},"end":{"line":17,"column":9}},"4":{"start":{"line":19,"column":6},"end":{"line":22,"column":9}},"5":{"start":{"line":24,"column":6},"end":{"line":27,"column":9}},"6":{"start":{"line":30,"column":2},"end":{"line":112,"column":4}},"7":{"start":{"line":107,"column":10},"end":{"line":107,"column":48}},"8":{"start":{"line":108,"column":10},"end":{"line":108,"column":49}},"9":{"start":{"line":113,"column":2},"end":{"line":113,"column":14}}},"fnMap":{"0":{"name":"(anonymous_0)","decl":{"start":{"line":5,"column":17},"end":{"line":5,"column":18}},"loc":{"start":{"line":5,"column":43},"end":{"line":114,"column":1}},"line":5},"1":{"name":"(anonymous_1)","decl":{"start":{"line":12,"column":4},"end":{"line":12,"column":5}},"loc":{"start":{"line":12,"column":29},"end":{"line":28,"column":5}},"line":12},"2":{"name":"(anonymous_2)","decl":{"start":{"line":106,"column":8},"end":{"line":106,"column":9}},"loc":{"start":{"line":106,"column":25},"end":{"line":109,"column":9}},"line":106}},"branchMap":{},"s":{"0":2,"1":2,"2":2,"3":2,"4":2,"5":2,"6":2,"7":1,"8":1,"9":2},"f":{"0":2,"1":2,"2":1},"b":{},"_coverageSchema":"1a1c01bbd47fc00a2c39e90264f33305004495a9","hash":"a1c9c0b0f5c6d42c0f2f21cade130718e48f5526"}
,"/home/giffari/Documents/FP/Merchant-CMS/server/models/user_group.js": {"path":"/home/giffari/Documents/FP/Merchant-CMS/server/models/user_group.js","statementMap":{"0":{"start":{"line":2,"column":18},"end":{"line":2,"column":38}},"1":{"start":{"line":4,"column":0},"end":{"line":61,"column":2}},"2":{"start":{"line":13,"column":6},"end":{"line":16,"column":9}},"3":{"start":{"line":18,"column":6},"end":{"line":21,"column":9}},"4":{"start":{"line":24,"column":2},"end":{"line":59,"column":4}},"5":{"start":{"line":60,"column":2},"end":{"line":60,"column":20}}},"fnMap":{"0":{"name":"(anonymous_0)","decl":{"start":{"line":4,"column":17},"end":{"line":4,"column":18}},"loc":{"start":{"line":4,"column":43},"end":{"line":61,"column":1}},"line":4},"1":{"name":"(anonymous_1)","decl":{"start":{"line":11,"column":4},"end":{"line":11,"column":5}},"loc":{"start":{"line":11,"column":29},"end":{"line":22,"column":5}},"line":11}},"branchMap":{},"s":{"0":2,"1":2,"2":2,"3":2,"4":2,"5":2},"f":{"0":2,"1":2},"b":{},"_coverageSchema":"1a1c01bbd47fc00a2c39e90264f33305004495a9","hash":"2060eb8e400df0116b93d2a28df7940cb3b6cf66"}
,"/home/giffari/Documents/FP/Merchant-CMS/server/models/verifier.js": {"path":"/home/giffari/Documents/FP/Merchant-CMS/server/models/verifier.js","statementMap":{"0":{"start":{"line":2,"column":18},"end":{"line":2,"column":38}},"1":{"start":{"line":4,"column":0},"end":{"line":71,"column":2}},"2":{"start":{"line":13,"column":6},"end":{"line":16,"column":9}},"3":{"start":{"line":18,"column":6},"end":{"line":21,"column":8}},"4":{"start":{"line":23,"column":6},"end":{"line":26,"column":8}},"5":{"start":{"line":30,"column":2},"end":{"line":69,"column":4}},"6":{"start":{"line":70,"column":2},"end":{"line":70,"column":18}}},"fnMap":{"0":{"name":"(anonymous_0)","decl":{"start":{"line":4,"column":17},"end":{"line":4,"column":18}},"loc":{"start":{"line":4,"column":43},"end":{"line":71,"column":1}},"line":4},"1":{"name":"(anonymous_1)","decl":{"start":{"line":11,"column":4},"end":{"line":11,"column":5}},"loc":{"start":{"line":11,"column":29},"end":{"line":28,"column":5}},"line":11}},"branchMap":{},"s":{"0":2,"1":2,"2":2,"3":2,"4":2,"5":2,"6":2},"f":{"0":2,"1":2},"b":{},"_coverageSchema":"1a1c01bbd47fc00a2c39e90264f33305004495a9","hash":"821682035b68c2979e9a972d536eea88ef0442bd"}
,"/home/giffari/Documents/FP/Merchant-CMS/server/routers/authRouter.js": {"path":"/home/giffari/Documents/FP/Merchant-CMS/server/routers/authRouter.js","statementMap":{"0":{"start":{"line":1,"column":16},"end":{"line":1,"column":34}},"1":{"start":{"line":2,"column":15},"end":{"line":2,"column":31}},"2":{"start":{"line":3,"column":23},"end":{"line":3,"column":53}},"3":{"start":{"line":4,"column":34},"end":{"line":4,"column":73}},"4":{"start":{"line":5,"column":27},"end":{"line":5,"column":69}},"5":{"start":{"line":7,"column":0},"end":{"line":7,"column":48}},"6":{"start":{"line":8,"column":0},"end":{"line":8,"column":54}},"7":{"start":{"line":9,"column":0},"end":{"line":9,"column":63}},"8":{"start":{"line":10,"column":0},"end":{"line":10,"column":89}},"9":{"start":{"line":11,"column":0},"end":{"line":11,"column":63}},"10":{"start":{"line":12,"column":0},"end":{"line":12,"column":97}},"11":{"start":{"line":13,"column":0},"end":{"line":13,"column":87}},"12":{"start":{"line":14,"column":0},"end":{"line":14,"column":56}},"13":{"start":{"line":16,"column":0},"end":{"line":16,"column":24}}},"fnMap":{},"branchMap":{},"s":{"0":2,"1":2,"2":2,"3":2,"4":2,"5":2,"6":2,"7":2,"8":2,"9":2,"10":2,"11":2,"12":2,"13":2},"f":{},"b":{},"_coverageSchema":"1a1c01bbd47fc00a2c39e90264f33305004495a9","hash":"897557cf5965f8cf309d82139555e8a627dde99d"}
,"/home/giffari/Documents/FP/Merchant-CMS/server/routers/categoryRouter.js": {"path":"/home/giffari/Documents/FP/Merchant-CMS/server/routers/categoryRouter.js","statementMap":{"0":{"start":{"line":1,"column":16},"end":{"line":1,"column":34}},"1":{"start":{"line":2,"column":15},"end":{"line":2,"column":31}},"2":{"start":{"line":3,"column":19},"end":{"line":3,"column":53}},"3":{"start":{"line":4,"column":20},"end":{"line":4,"column":58}},"4":{"start":{"line":5,"column":23},"end":{"line":5,"column":63}},"5":{"start":{"line":7,"column":0},"end":{"line":7,"column":54}},"6":{"start":{"line":8,"column":0},"end":{"line":8,"column":59}},"7":{"start":{"line":10,"column":0},"end":{"line":10,"column":49}},"8":{"start":{"line":11,"column":0},"end":{"line":11,"column":26}},"9":{"start":{"line":12,"column":0},"end":{"line":12,"column":51}},"10":{"start":{"line":13,"column":0},"end":{"line":13,"column":52}},"11":{"start":{"line":14,"column":0},"end":{"line":14,"column":56}},"12":{"start":{"line":15,"column":0},"end":{"line":15,"column":58}},"13":{"start":{"line":17,"column":0},"end":{"line":17,"column":61}},"14":{"start":{"line":18,"column":0},"end":{"line":18,"column":50}},"15":{"start":{"line":21,"column":0},"end":{"line":21,"column":49}},"16":{"start":{"line":23,"column":0},"end":{"line":23,"column":24}},"17":{"start":{"line":25,"column":0},"end":{"line":25,"column":24}}},"fnMap":{},"branchMap":{},"s":{"0":2,"1":2,"2":2,"3":2,"4":2,"5":2,"6":2,"7":2,"8":2,"9":2,"10":2,"11":2,"12":2,"13":2,"14":2,"15":2,"16":2,"17":2},"f":{},"b":{},"_coverageSchema":"1a1c01bbd47fc00a2c39e90264f33305004495a9","hash":"6949eea933f694f4e31ad210784333a2be2e36bd"}
,"/home/giffari/Documents/FP/Merchant-CMS/server/routers/historyRouter.js": {"path":"/home/giffari/Documents/FP/Merchant-CMS/server/routers/historyRouter.js","statementMap":{"0":{"start":{"line":1,"column":16},"end":{"line":1,"column":34}},"1":{"start":{"line":2,"column":15},"end":{"line":2,"column":31}},"2":{"start":{"line":3,"column":26},"end":{"line":3,"column":59}},"3":{"start":{"line":5,"column":0},"end":{"line":5,"column":51}},"4":{"start":{"line":7,"column":0},"end":{"line":7,"column":24}}},"fnMap":{},"branchMap":{},"s":{"0":2,"1":2,"2":2,"3":2,"4":2},"f":{},"b":{},"_coverageSchema":"1a1c01bbd47fc00a2c39e90264f33305004495a9","hash":"188639082236728702f9cda4c6beeff67198cb40"}
,"/home/giffari/Documents/FP/Merchant-CMS/server/routers/index.js": {"path":"/home/giffari/Documents/FP/Merchant-CMS/server/routers/index.js","statementMap":{"0":{"start":{"line":1,"column":16},"end":{"line":1,"column":34}},"1":{"start":{"line":2,"column":15},"end":{"line":2,"column":31}},"2":{"start":{"line":3,"column":19},"end":{"line":3,"column":42}},"3":{"start":{"line":4,"column":24},"end":{"line":4,"column":52}},"4":{"start":{"line":5,"column":19},"end":{"line":5,"column":42}},"5":{"start":{"line":6,"column":23},"end":{"line":6,"column":50}},"6":{"start":{"line":7,"column":25},"end":{"line":7,"column":54}},"7":{"start":{"line":8,"column":19},"end":{"line":8,"column":42}},"8":{"start":{"line":9,"column":22},"end":{"line":9,"column":48}},"9":{"start":{"line":10,"column":23},"end":{"line":10,"column":50}},"10":{"start":{"line":11,"column":21},"end":{"line":11,"column":59}},"11":{"start":{"line":12,"column":23},"end":{"line":12,"column":63}},"12":{"start":{"line":14,"column":0},"end":{"line":14,"column":28}},"13":{"start":{"line":15,"column":0},"end":{"line":15,"column":32}},"14":{"start":{"line":16,"column":0},"end":{"line":16,"column":42}},"15":{"start":{"line":18,"column":0},"end":{"line":18,"column":27}},"16":{"start":{"line":20,"column":0},"end":{"line":20,"column":33}},"17":{"start":{"line":21,"column":0},"end":{"line":21,"column":43}},"18":{"start":{"line":22,"column":0},"end":{"line":22,"column":33}},"19":{"start":{"line":23,"column":0},"end":{"line":23,"column":45}},"20":{"start":{"line":24,"column":0},"end":{"line":24,"column":40}},"21":{"start":{"line":26,"column":0},"end":{"line":26,"column":25}},"22":{"start":{"line":28,"column":0},"end":{"line":28,"column":24}}},"fnMap":{},"branchMap":{},"s":{"0":2,"1":2,"2":2,"3":2,"4":2,"5":2,"6":2,"7":2,"8":2,"9":2,"10":2,"11":2,"12":2,"13":2,"14":2,"15":2,"16":2,"17":2,"18":2,"19":2,"20":2,"21":2,"22":2},"f":{},"b":{},"_coverageSchema":"1a1c01bbd47fc00a2c39e90264f33305004495a9","hash":"a39f322033d3a26ab421e398936ec3a479a601aa"}
,"/home/giffari/Documents/FP/Merchant-CMS/server/routers/privilegeRouter.js": {"path":"/home/giffari/Documents/FP/Merchant-CMS/server/routers/privilegeRouter.js","statementMap":{"0":{"start":{"line":1,"column":16},"end":{"line":1,"column":34}},"1":{"start":{"line":2,"column":15},"end":{"line":2,"column":31}},"2":{"start":{"line":3,"column":28},"end":{"line":3,"column":63}},"3":{"start":{"line":5,"column":0},"end":{"line":5,"column":54}},"4":{"start":{"line":6,"column":0},"end":{"line":6,"column":53}},"5":{"start":{"line":7,"column":0},"end":{"line":7,"column":57}},"6":{"start":{"line":8,"column":0},"end":{"line":8,"column":59}},"7":{"start":{"line":10,"column":0},"end":{"line":10,"column":24}}},"fnMap":{},"branchMap":{},"s":{"0":2,"1":2,"2":2,"3":2,"4":2,"5":2,"6":2,"7":2},"f":{},"b":{},"_coverageSchema":"1a1c01bbd47fc00a2c39e90264f33305004495a9","hash":"86266ee730fde7f06c38a5d65bfdda5b1dd77b57"}
,"/home/giffari/Documents/FP/Merchant-CMS/server/routers/provinceRouter.js": {"path":"/home/giffari/Documents/FP/Merchant-CMS/server/routers/provinceRouter.js","statementMap":{"0":{"start":{"line":1,"column":15},"end":{"line":1,"column":42}},"1":{"start":{"line":2,"column":27},"end":{"line":2,"column":61}},"2":{"start":{"line":4,"column":0},"end":{"line":4,"column":57}},"3":{"start":{"line":6,"column":0},"end":{"line":6,"column":24}}},"fnMap":{},"branchMap":{},"s":{"0":2,"1":2,"2":2,"3":2},"f":{},"b":{},"_coverageSchema":"1a1c01bbd47fc00a2c39e90264f33305004495a9","hash":"4b0d62f094bfbe2cb0a08b58b24f6204c258d95b"}
,"/home/giffari/Documents/FP/Merchant-CMS/server/routers/roleRouter.js": {"path":"/home/giffari/Documents/FP/Merchant-CMS/server/routers/roleRouter.js","statementMap":{"0":{"start":{"line":1,"column":16},"end":{"line":1,"column":34}},"1":{"start":{"line":2,"column":15},"end":{"line":2,"column":31}},"2":{"start":{"line":3,"column":23},"end":{"line":3,"column":53}},"3":{"start":{"line":5,"column":0},"end":{"line":5,"column":44}},"4":{"start":{"line":6,"column":0},"end":{"line":6,"column":44}},"5":{"start":{"line":7,"column":0},"end":{"line":7,"column":43}},"6":{"start":{"line":8,"column":0},"end":{"line":8,"column":46}},"7":{"start":{"line":9,"column":0},"end":{"line":9,"column":49}},"8":{"start":{"line":11,"column":0},"end":{"line":11,"column":24}}},"fnMap":{},"branchMap":{},"s":{"0":2,"1":2,"2":2,"3":2,"4":2,"5":2,"6":2,"7":2,"8":2},"f":{},"b":{},"_coverageSchema":"1a1c01bbd47fc00a2c39e90264f33305004495a9","hash":"d66a0357c1e50f95cfd8a7f11b69a4966cccfe69"}
,"/home/giffari/Documents/FP/Merchant-CMS/server/routers/userGroupsRouter.js": {"path":"/home/giffari/Documents/FP/Merchant-CMS/server/routers/userGroupsRouter.js","statementMap":{"0":{"start":{"line":1,"column":16},"end":{"line":1,"column":34}},"1":{"start":{"line":2,"column":15},"end":{"line":2,"column":31}},"2":{"start":{"line":3,"column":29},"end":{"line":3,"column":65}},"3":{"start":{"line":5,"column":0},"end":{"line":5,"column":55}},"4":{"start":{"line":6,"column":0},"end":{"line":6,"column":55}},"5":{"start":{"line":7,"column":0},"end":{"line":7,"column":54}},"6":{"start":{"line":8,"column":0},"end":{"line":8,"column":57}},"7":{"start":{"line":9,"column":0},"end":{"line":9,"column":60}},"8":{"start":{"line":11,"column":0},"end":{"line":11,"column":24}}},"fnMap":{},"branchMap":{},"s":{"0":2,"1":2,"2":2,"3":2,"4":2,"5":2,"6":2,"7":2,"8":2},"f":{},"b":{},"_coverageSchema":"1a1c01bbd47fc00a2c39e90264f33305004495a9","hash":"c4798fab1d15bb5365caf8eb15b6040bd9488551"}
,"/home/giffari/Documents/FP/Merchant-CMS/server/routers/userRouter.js": {"path":"/home/giffari/Documents/FP/Merchant-CMS/server/routers/userRouter.js","statementMap":{"0":{"start":{"line":1,"column":16},"end":{"line":1,"column":34}},"1":{"start":{"line":2,"column":15},"end":{"line":2,"column":31}},"2":{"start":{"line":3,"column":23},"end":{"line":3,"column":53}},"3":{"start":{"line":5,"column":0},"end":{"line":5,"column":41}},"4":{"start":{"line":6,"column":0},"end":{"line":6,"column":44}},"5":{"start":{"line":9,"column":0},"end":{"line":9,"column":57}},"6":{"start":{"line":10,"column":0},"end":{"line":10,"column":70}},"7":{"start":{"line":11,"column":0},"end":{"line":11,"column":57}},"8":{"start":{"line":13,"column":0},"end":{"line":13,"column":43}},"9":{"start":{"line":14,"column":0},"end":{"line":14,"column":46}},"10":{"start":{"line":15,"column":0},"end":{"line":15,"column":48}},"11":{"start":{"line":16,"column":0},"end":{"line":16,"column":53}},"12":{"start":{"line":17,"column":0},"end":{"line":17,"column":66}},"13":{"start":{"line":18,"column":0},"end":{"line":18,"column":67}},"14":{"start":{"line":20,"column":0},"end":{"line":20,"column":24}}},"fnMap":{},"branchMap":{},"s":{"0":2,"1":2,"2":2,"3":2,"4":2,"5":2,"6":2,"7":2,"8":2,"9":2,"10":2,"11":2,"12":2,"13":2,"14":2},"f":{},"b":{},"_coverageSchema":"1a1c01bbd47fc00a2c39e90264f33305004495a9","hash":"b2def230bf59b70d43ab2eee8f75fabe19af6646"}
}
